Log file open, 04/09/20 14:35:20
LogWindows: Failed to load 'aqProf.dll' (GetLastError=126)
LogWindows: File 'aqProf.dll' does not exist
LogWindows: Failed to load 'VtuneApi.dll' (GetLastError=126)
LogWindows: File 'VtuneApi.dll' does not exist
LogWindows: Failed to load 'VtuneApi32e.dll' (GetLastError=126)
LogWindows: File 'VtuneApi32e.dll' does not exist
LogConsoleResponse: Display: Failed to find resolution value strings in scalability ini. Falling back to default.
LogInit: Display: Running engine for game: UEProject
LogPlatformFile: Not using cached read wrapper
LogTaskGraph: Started task graph with 5 named threads and 23 total threads with 3 sets of task threads.
LogStats: Stats thread started at 0.117090
LogD3D11RHI: Loaded GFSDK_Aftermath_Lib.x64.dll
LogICUInternationalization: ICU TimeZone Detection - Raw Offset: +1:00, Platform Override: ''
LogPluginManager: Mounting plugin Paper2D
LogPluginManager: Mounting plugin AISupport
LogPluginManager: Mounting plugin LightPropagationVolume
LogPluginManager: Mounting plugin ActorLayerUtilities
LogPluginManager: Mounting plugin AnimationSharing
LogPluginManager: Mounting plugin CLionSourceCodeAccess
LogPluginManager: Mounting plugin CodeLiteSourceCodeAccess
LogPluginManager: Mounting plugin GitSourceControl
LogPluginManager: Mounting plugin KDevelopSourceCodeAccess
LogPluginManager: Mounting plugin NullSourceCodeAccess
LogPluginManager: Mounting plugin PerforceSourceControl
LogPluginManager: Mounting plugin PlasticSourceControl
LogPluginManager: Mounting plugin SubversionSourceControl
LogPluginManager: Mounting plugin UObjectPlugin
LogPluginManager: Mounting plugin VisualStudioCodeSourceCodeAccess
LogPluginManager: Mounting plugin VisualStudioSourceCodeAccess
LogPluginManager: Mounting plugin XCodeSourceCodeAccess
LogPluginManager: Mounting plugin AssetManagerEditor
LogPluginManager: Mounting plugin CryptoKeys
LogPluginManager: Mounting plugin CurveEditorTools
LogPluginManager: Mounting plugin DataValidation
LogPluginManager: Mounting plugin FacialAnimation
LogPluginManager: Mounting plugin GameplayTagsEditor
LogPluginManager: Mounting plugin MacGraphicsSwitching
LogPluginManager: Mounting plugin MaterialAnalyzer
LogPluginManager: Mounting plugin MobileLauncherProfileWizard
LogPluginManager: Mounting plugin PluginBrowser
LogPluginManager: Mounting plugin SpeedTreeImporter
LogPluginManager: Mounting plugin DatasmithContent
LogPluginManager: Mounting plugin VariantManagerContent
LogPluginManager: Mounting plugin AlembicImporter
LogPluginManager: Mounting plugin AutomationUtils
LogPluginManager: Mounting plugin BackChannel
LogPluginManager: Mounting plugin CharacterAI
LogPluginManager: Mounting plugin GeometryCache
LogPluginManager: Mounting plugin PlatformCrypto
LogPluginManager: Mounting plugin ProxyLODPlugin
LogPluginManager: Mounting plugin SkeletalReduction
LogPluginManager: Mounting plugin MagicLeap
LogPluginManager: Mounting plugin MagicLeapMedia
LogPluginManager: Mounting plugin MLSDK
LogPluginManager: Mounting plugin AndroidMedia
LogPluginManager: Mounting plugin AvfMedia
LogPluginManager: Mounting plugin ImgMedia
LogPluginManager: Mounting plugin MediaCompositing
LogPluginManager: Mounting plugin MediaPlayerEditor
LogPluginManager: Mounting plugin WebMMedia
LogPluginManager: Mounting plugin WmfMedia
LogPluginManager: Mounting plugin TcpMessaging
LogPluginManager: Mounting plugin UdpMessaging
LogPluginManager: Mounting plugin ActorSequence
LogPluginManager: Mounting plugin LevelSequenceEditor
LogPluginManager: Mounting plugin MatineeToLevelSequence
LogPluginManager: Mounting plugin NetcodeUnitTest
LogPluginManager: Mounting plugin NUTUnrealEngine4
LogPluginManager: Mounting plugin OnlineSubsystemGooglePlay
LogPluginManager: Mounting plugin OnlineSubsystemIOS
LogPluginManager: Mounting plugin OnlineSubsystem
LogPluginManager: Mounting plugin OnlineSubsystemNull
LogPluginManager: Mounting plugin OnlineSubsystemUtils
LogPluginManager: Mounting plugin LauncherChunkInstaller
LogPluginManager: Mounting plugin AndroidDeviceProfileSelector
LogPluginManager: Mounting plugin AndroidMoviePlayer
LogPluginManager: Mounting plugin AndroidPermission
LogPluginManager: Mounting plugin AppleImageUtils
LogPluginManager: Mounting plugin AppleMoviePlayer
LogPluginManager: Mounting plugin ArchVisCharacter
LogPluginManager: Mounting plugin AssetTags
LogPluginManager: Mounting plugin AudioCapture
LogPluginManager: Mounting plugin CableComponent
LogPluginManager: Mounting plugin CustomMeshComponent
LogPluginManager: Mounting plugin EditableMesh
LogPluginManager: Mounting plugin ExampleDeviceProfileSelector
LogPluginManager: Mounting plugin GoogleCloudMessaging
LogPluginManager: Mounting plugin IOSDeviceProfileSelector
LogPluginManager: Mounting plugin LinuxDeviceProfileSelector
LogPluginManager: Mounting plugin LocationServicesBPLibrary
LogPluginManager: Mounting plugin MobilePatchingUtils
LogPluginManager: Mounting plugin OculusVR
LogPluginManager: Mounting plugin PhysXVehicles
LogPluginManager: Mounting plugin PostSplashScreen
LogPluginManager: Mounting plugin ProceduralMeshComponent
LogPluginManager: Mounting plugin RuntimePhysXCooking
LogPluginManager: Mounting plugin SignificanceManager
LogPluginManager: Mounting plugin WebMMoviePlayer
LogPluginManager: Mounting plugin WindowsMoviePlayer
LogPluginManager: Mounting plugin ScreenshotTools
Launching UnrealBuildTool... [E:/Game/UnrealE/UE_4.24/Engine/Binaries/DotNET/UnrealBuildTool.exe -Mode=QueryTargets -Project="D:/Git/Repository_GP_T2/Gestaltningsprojekt-Team-2/UEProject/UEProject.uproject" -Output="D:/Git/Repository_GP_T2/Gestaltningsprojekt-Team-2/UEProject/Intermediate/TargetInfo.json"]
LogInit: Using libcurl 7.55.1-DEV
LogInit:  - built for x86_64-pc-win32
LogInit:  - supports SSL with OpenSSL/1.1.1
LogInit:  - supports HTTP deflate (compression) using libz 1.2.8
LogInit:  - other features:
LogInit:      CURL_VERSION_SSL
LogInit:      CURL_VERSION_LIBZ
LogInit:      CURL_VERSION_IPV6
LogInit:      CURL_VERSION_ASYNCHDNS
LogInit:      CURL_VERSION_LARGEFILE
LogInit:      CURL_VERSION_IDN
LogInit:  CurlRequestOptions (configurable via config and command line):
LogInit:  - bVerifyPeer = true  - Libcurl will verify peer certificate
LogInit:  - bUseHttpProxy = false  - Libcurl will NOT use HTTP proxy
LogInit:  - bDontReuseConnections = false  - Libcurl will reuse connections
LogInit:  - MaxHostConnections = 16  - Libcurl will limit the number of connections to a host
LogInit:  - LocalHostAddr = Default
LogInit:  - BufferSize = 65536
LogOnline: OSS: Creating online subsystem instance for: NULL
LogInit: WinSock: version 1.1 (2.2), MaxSocks=32767, MaxUdp=65467
LogOnline: OSS: TryLoadSubsystemAndSetDefault: Loaded subsystem for module [NULL]
LogHMD: Failed initializing OVRPlugin 1.40.0
LogInit: Build: ++UE4+Release-4.24-CL-11590370
LogInit: Engine Version: 4.24.3-11590370+++UE4+Release-4.24
LogInit: Compatible Engine Version: 4.24.0-10570792+++UE4+Release-4.24
LogInit: Net CL: 10570792
LogInit: OS: Windows 10 (Release 1909) (), CPU: AMD Ryzen 5 2400G with Radeon Vega Graphics    , GPU: Radeon (TM) RX 480 Graphics
LogInit: Compiled (64-bit): Feb 24 2020 15:39:18
LogInit: Compiled with Visual C++: 19.16.27032.01
LogInit: Build Configuration: Development
LogInit: Branch Name: ++UE4+Release-4.24
LogInit: Command Line:  -EpicPortal -epicusername=RealRednaxela -epicuserid=f05ad6820a674ca2be8f6922884fbc52 -epiclocale=en
LogInit: Base Directory: E:/Game/UnrealE/UE_4.24/Engine/Binaries/Win64/
LogInit: Installed Engine Build: 1
LogDevObjectVersion: Number of dev versions registered: 25
LogDevObjectVersion:   Dev-Blueprints (B0D832E4-1F89-4F0D-ACCF-7EB736FD4AA2): 10
LogDevObjectVersion:   Dev-Build (E1C64328-A22C-4D53-A36C-8E866417BD8C): 0
LogDevObjectVersion:   Dev-Core (375EC13C-06E4-48FB-B500-84F0262A717E): 3
LogDevObjectVersion:   Dev-Editor (E4B068ED-F494-42E9-A231-DA0B2E46BB41): 37
LogDevObjectVersion:   Dev-Framework (CFFC743F-43B0-4480-9391-14DF171D2073): 36
LogDevObjectVersion:   Dev-Mobile (B02B49B5-BB20-44E9-A304-32B752E40360): 2
LogDevObjectVersion:   Dev-Networking (A4E4105C-59A1-49B5-A7C5-40C4547EDFEE): 0
LogDevObjectVersion:   Dev-Online (39C831C9-5AE6-47DC-9A44-9C173E1C8E7C): 0
LogDevObjectVersion:   Dev-Physics (78F01B33-EBEA-4F98-B9B4-84EACCB95AA2): 2
LogDevObjectVersion:   Dev-Platform (6631380F-2D4D-43E0-8009-CF276956A95A): 0
LogDevObjectVersion:   Dev-Rendering (12F88B9F-8875-4AFC-A67C-D90C383ABD29): 36
LogDevObjectVersion:   Dev-Sequencer (7B5AE74C-D270-4C10-A958-57980B212A5A): 11
LogDevObjectVersion:   Dev-VR (D7296918-1DD6-4BDD-9DE2-64A83CC13884): 2
LogDevObjectVersion:   Dev-LoadTimes (C2A15278-BFE7-4AFE-6C17-90FF531DF755): 1
LogDevObjectVersion:   Private-Geometry (6EACA3D4-40EC-4CC1-B786-8BED09428FC5): 3
LogDevObjectVersion:   Dev-AnimPhys (29E575DD-E0A3-4627-9D10-D276232CDCEA): 17
LogDevObjectVersion:   Dev-Anim (AF43A65D-7FD3-4947-9873-3E8ED9C1BB05): 2
LogDevObjectVersion:   Dev-ReflectionCapture (6B266CEC-1EC7-4B8F-A30B-E4D90942FC07): 1
LogDevObjectVersion:   Dev-Automation (0DF73D61-A23F-47EA-B727-89E90C41499A): 1
LogDevObjectVersion:   FortniteMain (601D1886-AC64-4F84-AA16-D3DE0DEAC7D6): 31
LogDevObjectVersion:   Dev-Enterprise (9DFFBCD6-494F-0158-E221-12823C92A888): 8
LogDevObjectVersion:   Dev-Niagara (F2AED0AC-9AFE-416F-8664-AA7FFA26D6FC): 1
LogDevObjectVersion:   Dev-Destruction (174F1F0B-B4C6-45A5-B13F-2EE8D0FB917D): 9
LogDevObjectVersion:   Dev-Physics-Ext (35F94A83-E258-406C-A318-09F59610247C): 8
LogDevObjectVersion:   Dev-CineCamera (B2E18506-4273-CFC2-A54E-F4BB758BBA07): 1
LogInit: Presizing for max 25165824 objects, including 0 objects not considered by GC, pre-allocating 0 bytes for permanent pool.
LogInit: Object subsystem initialized
LogConfig: Setting CVar [[con.DebugEarlyDefault:1]]
LogConfig: Setting CVar [[r.setres:1280x720]]
[2020.04.09-12.35.23:253][  0]LogConfig: Setting CVar [[r.VSync:0]]
[2020.04.09-12.35.23:253][  0]LogConfig: Setting CVar [[r.RHICmdBypass:0]]
[2020.04.09-12.35.23:253][  0]LogConfig: Applying CVar settings from Section [/Script/Engine.RendererSettings] File [D:/Git/Repository_GP_T2/Gestaltningsprojekt-Team-2/UEProject/Saved/Config/Windows/Engine.ini]
[2020.04.09-12.35.23:253][  0]LogConfig: Setting CVar [[r.GPUCrashDebugging:0]]
[2020.04.09-12.35.23:253][  0]LogConfig: Applying CVar settings from Section [/Script/Engine.RendererOverrideSettings] File [D:/Git/Repository_GP_T2/Gestaltningsprojekt-Team-2/UEProject/Saved/Config/Windows/Engine.ini]
[2020.04.09-12.35.23:253][  0]LogConfig: Applying CVar settings from Section [/Script/Engine.StreamingSettings] File [D:/Git/Repository_GP_T2/Gestaltningsprojekt-Team-2/UEProject/Saved/Config/Windows/Engine.ini]
[2020.04.09-12.35.23:253][  0]LogConfig: Setting CVar [[s.MinBulkDataSizeForAsyncLoading:131072]]
[2020.04.09-12.35.23:253][  0]LogConfig: Setting CVar [[s.AsyncLoadingThreadEnabled:0]]
[2020.04.09-12.35.23:254][  0]LogConfig: Setting CVar [[s.EventDrivenLoaderEnabled:1]]
[2020.04.09-12.35.23:254][  0]LogConfig: Setting CVar [[s.WarnIfTimeLimitExceeded:0]]
[2020.04.09-12.35.23:254][  0]LogConfig: Setting CVar [[s.TimeLimitExceededMultiplier:1.5]]
[2020.04.09-12.35.23:254][  0]LogConfig: Setting CVar [[s.TimeLimitExceededMinTime:0.005]]
[2020.04.09-12.35.23:254][  0]LogConfig: Setting CVar [[s.UseBackgroundLevelStreaming:1]]
[2020.04.09-12.35.23:254][  0]LogConfig: Setting CVar [[s.PriorityAsyncLoadingExtraTime:15.0]]
[2020.04.09-12.35.23:254][  0]LogConfig: Setting CVar [[s.LevelStreamingActorsUpdateTimeLimit:5.0]]
[2020.04.09-12.35.23:254][  0]LogConfig: Setting CVar [[s.PriorityLevelStreamingActorsUpdateExtraTime:5.0]]
[2020.04.09-12.35.23:254][  0]LogConfig: Setting CVar [[s.LevelStreamingComponentsRegistrationGranularity:10]]
[2020.04.09-12.35.23:254][  0]LogConfig: Setting CVar [[s.UnregisterComponentsTimeLimit:1.0]]
[2020.04.09-12.35.23:254][  0]LogConfig: Setting CVar [[s.LevelStreamingComponentsUnregistrationGranularity:5]]
[2020.04.09-12.35.23:254][  0]LogConfig: Setting CVar [[s.FlushStreamingOnExit:1]]
[2020.04.09-12.35.23:254][  0]LogConfig: Applying CVar settings from Section [/Script/Engine.GarbageCollectionSettings] File [D:/Git/Repository_GP_T2/Gestaltningsprojekt-Team-2/UEProject/Saved/Config/Windows/Engine.ini]
[2020.04.09-12.35.23:254][  0]LogConfig: Setting CVar [[gc.MaxObjectsNotConsideredByGC:1]]
[2020.04.09-12.35.23:254][  0]LogConfig: Setting CVar [[gc.SizeOfPermanentObjectPool:0]]
[2020.04.09-12.35.23:254][  0]LogConfig: Setting CVar [[gc.FlushStreamingOnGC:0]]
[2020.04.09-12.35.23:254][  0]LogConfig: Setting CVar [[gc.NumRetriesBeforeForcingGC:10]]
[2020.04.09-12.35.23:254][  0]LogConfig: Setting CVar [[gc.AllowParallelGC:1]]
[2020.04.09-12.35.23:254][  0]LogConfig: Setting CVar [[gc.TimeBetweenPurgingPendingKillObjects:61.1]]
[2020.04.09-12.35.23:254][  0]LogConfig: Setting CVar [[gc.MaxObjectsInEditor:25165824]]
[2020.04.09-12.35.23:254][  0]LogConfig: Setting CVar [[gc.IncrementalBeginDestroyEnabled:1]]
[2020.04.09-12.35.23:254][  0]LogConfig: Setting CVar [[gc.CreateGCClusters:1]]
[2020.04.09-12.35.23:254][  0]LogConfig: Setting CVar [[gc.MinGCClusterSize:5]]
[2020.04.09-12.35.23:254][  0]LogConfig: Setting CVar [[gc.ActorClusteringEnabled:0]]
[2020.04.09-12.35.23:254][  0]LogConfig: Setting CVar [[gc.BlueprintClusteringEnabled:0]]
[2020.04.09-12.35.23:254][  0]LogConfig: Setting CVar [[gc.UseDisregardForGCOnDedicatedServers:0]]
[2020.04.09-12.35.23:254][  0]LogConfig: Applying CVar settings from Section [/Script/Engine.NetworkSettings] File [D:/Git/Repository_GP_T2/Gestaltningsprojekt-Team-2/UEProject/Saved/Config/Windows/Engine.ini]
[2020.04.09-12.35.23:254][  0]LogConfig: Applying CVar settings from Section [/Script/UnrealEd.CookerSettings] File [D:/Git/Repository_GP_T2/Gestaltningsprojekt-Team-2/UEProject/Saved/Config/Windows/Engine.ini]
[2020.04.09-12.35.23:265][  0]LogConfig: Applying CVar settings from Section [ViewDistanceQuality@3] File [D:/Git/Repository_GP_T2/Gestaltningsprojekt-Team-2/UEProject/Saved/Config/Windows/Scalability.ini]
[2020.04.09-12.35.23:265][  0]LogConfig: Setting CVar [[r.SkeletalMeshLODBias:0]]
[2020.04.09-12.35.23:265][  0]LogConfig: Setting CVar [[r.ViewDistanceScale:1.0]]
[2020.04.09-12.35.23:265][  0]LogConfig: Applying CVar settings from Section [AntiAliasingQuality@3] File [D:/Git/Repository_GP_T2/Gestaltningsprojekt-Team-2/UEProject/Saved/Config/Windows/Scalability.ini]
[2020.04.09-12.35.23:265][  0]LogConfig: Setting CVar [[r.PostProcessAAQuality:4]]
[2020.04.09-12.35.23:265][  0]LogConfig: Applying CVar settings from Section [ShadowQuality@3] File [D:/Git/Repository_GP_T2/Gestaltningsprojekt-Team-2/UEProject/Saved/Config/Windows/Scalability.ini]
[2020.04.09-12.35.23:265][  0]LogConfig: Setting CVar [[r.LightFunctionQuality:1]]
[2020.04.09-12.35.23:265][  0]LogConfig: Setting CVar [[r.ShadowQuality:5]]
[2020.04.09-12.35.23:265][  0]LogConfig: Setting CVar [[r.Shadow.CSM.MaxCascades:10]]
[2020.04.09-12.35.23:265][  0]LogConfig: Setting CVar [[r.Shadow.MaxResolution:2048]]
[2020.04.09-12.35.23:265][  0]LogConfig: Setting CVar [[r.Shadow.MaxCSMResolution:2048]]
[2020.04.09-12.35.23:265][  0]LogConfig: Setting CVar [[r.Shadow.RadiusThreshold:0.01]]
[2020.04.09-12.35.23:265][  0]LogConfig: Setting CVar [[r.Shadow.DistanceScale:1.0]]
[2020.04.09-12.35.23:265][  0]LogConfig: Setting CVar [[r.Shadow.CSM.TransitionScale:1.0]]
[2020.04.09-12.35.23:265][  0]LogConfig: Setting CVar [[r.Shadow.PreShadowResolutionFactor:1.0]]
[2020.04.09-12.35.23:265][  0]LogConfig: Setting CVar [[r.DistanceFieldShadowing:1]]
[2020.04.09-12.35.23:265][  0]LogConfig: Setting CVar [[r.DistanceFieldAO:1]]
[2020.04.09-12.35.23:265][  0]LogConfig: Setting CVar [[r.AOQuality:2]]
[2020.04.09-12.35.23:265][  0]LogConfig: Setting CVar [[r.VolumetricFog:1]]
[2020.04.09-12.35.23:265][  0]LogConfig: Setting CVar [[r.VolumetricFog.GridPixelSize:8]]
[2020.04.09-12.35.23:265][  0]LogConfig: Setting CVar [[r.VolumetricFog.GridSizeZ:128]]
[2020.04.09-12.35.23:265][  0]LogConfig: Setting CVar [[r.VolumetricFog.HistoryMissSupersampleCount:4]]
[2020.04.09-12.35.23:265][  0]LogConfig: Setting CVar [[r.LightMaxDrawDistanceScale:1]]
[2020.04.09-12.35.23:265][  0]LogConfig: Setting CVar [[r.CapsuleShadows:1]]
[2020.04.09-12.35.23:265][  0]LogConfig: Applying CVar settings from Section [PostProcessQuality@3] File [D:/Git/Repository_GP_T2/Gestaltningsprojekt-Team-2/UEProject/Saved/Config/Windows/Scalability.ini]
[2020.04.09-12.35.23:265][  0]LogConfig: Setting CVar [[r.MotionBlurQuality:4]]
[2020.04.09-12.35.23:265][  0]LogConfig: Setting CVar [[r.AmbientOcclusionMipLevelFactor:0.4]]
[2020.04.09-12.35.23:265][  0]LogConfig: Setting CVar [[r.AmbientOcclusionMaxQuality:100]]
[2020.04.09-12.35.23:265][  0]LogConfig: Setting CVar [[r.AmbientOcclusionLevels:-1]]
[2020.04.09-12.35.23:265][  0]LogConfig: Setting CVar [[r.AmbientOcclusionRadiusScale:1.0]]
[2020.04.09-12.35.23:265][  0]LogConfig: Setting CVar [[r.DepthOfFieldQuality:2]]
[2020.04.09-12.35.23:265][  0]LogConfig: Setting CVar [[r.RenderTargetPoolMin:400]]
[2020.04.09-12.35.23:265][  0]LogConfig: Setting CVar [[r.LensFlareQuality:2]]
[2020.04.09-12.35.23:265][  0]LogConfig: Setting CVar [[r.SceneColorFringeQuality:1]]
[2020.04.09-12.35.23:265][  0]LogConfig: Setting CVar [[r.EyeAdaptationQuality:2]]
[2020.04.09-12.35.23:265][  0]LogConfig: Setting CVar [[r.BloomQuality:5]]
[2020.04.09-12.35.23:265][  0]LogConfig: Setting CVar [[r.FastBlurThreshold:100]]
[2020.04.09-12.35.23:265][  0]LogConfig: Setting CVar [[r.Upscale.Quality:3]]
[2020.04.09-12.35.23:265][  0]LogConfig: Setting CVar [[r.Tonemapper.GrainQuantization:1]]
[2020.04.09-12.35.23:265][  0]LogConfig: Setting CVar [[r.LightShaftQuality:1]]
[2020.04.09-12.35.23:265][  0]LogConfig: Setting CVar [[r.Filter.SizeScale:1]]
[2020.04.09-12.35.23:265][  0]LogConfig: Setting CVar [[r.Tonemapper.Quality:5]]
[2020.04.09-12.35.23:265][  0]LogConfig: Setting CVar [[r.DOF.Gather.AccumulatorQuality:1        ; higher gathering accumulator quality]]
[2020.04.09-12.35.23:265][  0]LogConfig: Setting CVar [[r.DOF.Gather.PostfilterMethod:1          ; Median3x3 postfilering method]]
[2020.04.09-12.35.23:265][  0]LogConfig: Setting CVar [[r.DOF.Gather.EnableBokehSettings:0       ; no bokeh simulation when gathering]]
[2020.04.09-12.35.23:265][  0]LogConfig: Setting CVar [[r.DOF.Gather.RingCount:4                 ; medium number of samples when gathering]]
[2020.04.09-12.35.23:265][  0]LogConfig: Setting CVar [[r.DOF.Scatter.ForegroundCompositing:1    ; additive foreground scattering]]
[2020.04.09-12.35.23:265][  0]LogConfig: Setting CVar [[r.DOF.Scatter.BackgroundCompositing:2    ; additive background scattering]]
[2020.04.09-12.35.23:265][  0]LogConfig: Setting CVar [[r.DOF.Scatter.EnableBokehSettings:1      ; bokeh simulation when scattering]]
[2020.04.09-12.35.23:265][  0]LogConfig: Setting CVar [[r.DOF.Scatter.MaxSpriteRatio:0.1         ; only a maximum of 10% of scattered bokeh]]
[2020.04.09-12.35.23:265][  0]LogConfig: Setting CVar [[r.DOF.Recombine.Quality:1                ; cheap slight out of focus]]
[2020.04.09-12.35.23:265][  0]LogConfig: Setting CVar [[r.DOF.Recombine.EnableBokehSettings:0    ; no bokeh simulation on slight out of focus]]
[2020.04.09-12.35.23:265][  0]LogConfig: Setting CVar [[r.DOF.TemporalAAQuality:1                ; more stable temporal accumulation]]
[2020.04.09-12.35.23:266][  0]LogConfig: Setting CVar [[r.DOF.Kernel.MaxForegroundRadius:0.025]]
[2020.04.09-12.35.23:266][  0]LogConfig: Setting CVar [[r.DOF.Kernel.MaxBackgroundRadius:0.025]]
[2020.04.09-12.35.23:266][  0]LogConfig: Applying CVar settings from Section [TextureQuality@3] File [D:/Git/Repository_GP_T2/Gestaltningsprojekt-Team-2/UEProject/Saved/Config/Windows/Scalability.ini]
[2020.04.09-12.35.23:266][  0]LogConfig: Setting CVar [[r.Streaming.MipBias:0]]
[2020.04.09-12.35.23:266][  0]LogConfig: Setting CVar [[r.Streaming.AmortizeCPUToGPUCopy:0]]
[2020.04.09-12.35.23:266][  0]LogConfig: Setting CVar [[r.Streaming.MaxNumTexturesToStreamPerFrame:0]]
[2020.04.09-12.35.23:266][  0]LogConfig: Setting CVar [[r.Streaming.Boost:1]]
[2020.04.09-12.35.23:266][  0]LogConfig: Setting CVar [[r.MaxAnisotropy:8]]
[2020.04.09-12.35.23:266][  0]LogConfig: Setting CVar [[r.VT.MaxAnisotropy:8]]
[2020.04.09-12.35.23:266][  0]LogConfig: Setting CVar [[r.Streaming.LimitPoolSizeToVRAM:0]]
[2020.04.09-12.35.23:266][  0]LogConfig: Setting CVar [[r.Streaming.PoolSize:1000]]
[2020.04.09-12.35.23:266][  0]LogConfig: Setting CVar [[r.Streaming.MaxEffectiveScreenSize:0]]
[2020.04.09-12.35.23:266][  0]LogConfig: Applying CVar settings from Section [EffectsQuality@3] File [D:/Git/Repository_GP_T2/Gestaltningsprojekt-Team-2/UEProject/Saved/Config/Windows/Scalability.ini]
[2020.04.09-12.35.23:266][  0]LogConfig: Setting CVar [[r.TranslucencyLightingVolumeDim:64]]
[2020.04.09-12.35.23:266][  0]LogConfig: Setting CVar [[r.RefractionQuality:2]]
[2020.04.09-12.35.23:266][  0]LogConfig: Setting CVar [[r.SSR.Quality:3]]
[2020.04.09-12.35.23:266][  0]LogConfig: Setting CVar [[r.SSR.HalfResSceneColor:0]]
[2020.04.09-12.35.23:266][  0]LogConfig: Setting CVar [[r.SceneColorFormat:4]]
[2020.04.09-12.35.23:266][  0]LogConfig: Setting CVar [[r.DetailMode:2]]
[2020.04.09-12.35.23:266][  0]LogConfig: Setting CVar [[r.TranslucencyVolumeBlur:1]]
[2020.04.09-12.35.23:266][  0]LogConfig: Setting CVar [[r.MaterialQualityLevel:1 ; High quality]]
[2020.04.09-12.35.23:266][  0]LogConfig: Setting CVar [[r.SSS.Scale:1]]
[2020.04.09-12.35.23:266][  0]LogConfig: Setting CVar [[r.SSS.SampleSet:2]]
[2020.04.09-12.35.23:266][  0]LogConfig: Setting CVar [[r.SSS.Quality:1]]
[2020.04.09-12.35.23:266][  0]LogConfig: Setting CVar [[r.SSS.HalfRes:1]]
[2020.04.09-12.35.23:266][  0]LogConfig: Setting CVar [[r.SSGI.Quality:3]]
[2020.04.09-12.35.23:266][  0]LogConfig: Setting CVar [[r.EmitterSpawnRateScale:1.0]]
[2020.04.09-12.35.23:266][  0]LogConfig: Setting CVar [[r.ParticleLightQuality:2]]
[2020.04.09-12.35.23:266][  0]LogConfig: Setting CVar [[r.SkyAtmosphere.AerialPerspectiveLUT.FastApplyOnOpaque:1 ; Always have FastSkyLUT 1 in this case to avoid wrong sky]]
[2020.04.09-12.35.23:266][  0]LogConfig: Setting CVar [[r.SkyAtmosphere.AerialPerspectiveLUT.SampleCountPerSlice:1]]
[2020.04.09-12.35.23:266][  0]LogConfig: Setting CVar [[r.SkyAtmosphere.AerialPerspectiveLUT.DepthResolution:16.0]]
[2020.04.09-12.35.23:266][  0]LogConfig: Setting CVar [[r.SkyAtmosphere.FastSkyLUT:1]]
[2020.04.09-12.35.23:266][  0]LogConfig: Setting CVar [[r.SkyAtmosphere.FastSkyLUT.SampleCountMin:4.0]]
[2020.04.09-12.35.23:266][  0]LogConfig: Setting CVar [[r.SkyAtmosphere.FastSkyLUT.SampleCountMax:32.0]]
[2020.04.09-12.35.23:266][  0]LogConfig: Setting CVar [[r.SkyAtmosphere.SampleCountMin:4.0]]
[2020.04.09-12.35.23:266][  0]LogConfig: Setting CVar [[r.SkyAtmosphere.SampleCountMax:32.0]]
[2020.04.09-12.35.23:266][  0]LogConfig: Setting CVar [[r.SkyAtmosphere.TransmittanceLUT.UseSmallFormat:0]]
[2020.04.09-12.35.23:266][  0]LogConfig: Setting CVar [[r.SkyAtmosphere.TransmittanceLUT.SampleCount:10.0]]
[2020.04.09-12.35.23:266][  0]LogConfig: Setting CVar [[r.SkyAtmosphere.MultiScatteringLUT.SampleCount:15.0]]
[2020.04.09-12.35.23:266][  0]LogConfig: Applying CVar settings from Section [FoliageQuality@3] File [D:/Git/Repository_GP_T2/Gestaltningsprojekt-Team-2/UEProject/Saved/Config/Windows/Scalability.ini]
[2020.04.09-12.35.23:266][  0]LogConfig: Setting CVar [[foliage.DensityScale:1.0]]
[2020.04.09-12.35.23:266][  0]LogConfig: Setting CVar [[grass.DensityScale:1.0]]
[2020.04.09-12.35.23:266][  0]LogConfig: Applying CVar settings from Section [ShadingQuality@3] File [D:/Git/Repository_GP_T2/Gestaltningsprojekt-Team-2/UEProject/Saved/Config/Windows/Scalability.ini]
[2020.04.09-12.35.23:266][  0]LogConfig: Setting CVar [[r.HairStrands.SkyLighting.SampleCount:16]]
[2020.04.09-12.35.23:266][  0]LogConfig: Setting CVar [[r.HairStrands.SkyLighting.JitterIntegration:0]]
[2020.04.09-12.35.23:266][  0]LogConfig: Setting CVar [[r.HairStrands.SkyAO.SampleCount:16]]
[2020.04.09-12.35.23:266][  0]LogInit: Selected Device Profile: [Windows]
[2020.04.09-12.35.23:266][  0]LogInit: Applying CVar settings loaded from the selected device profile: [Windows]
[2020.04.09-12.35.23:270][  0]LogHAL: Display: Platform has ~ 8 GB [8535654400 / 8589934592 / 8], which maps to Default [LargestMinGB=32, LargerMinGB=12, DefaultMinGB=8, SmallerMinGB=6, SmallestMinGB=0)
[2020.04.09-12.35.23:270][  0]LogInit: Going up to parent DeviceProfile []
[2020.04.09-12.35.23:270][  0]LogConfig: Applying CVar settings from Section [ViewDistanceQuality@3] File [D:/Git/Repository_GP_T2/Gestaltningsprojekt-Team-2/UEProject/Saved/Config/Windows/Scalability.ini]
[2020.04.09-12.35.23:270][  0]LogConfig: Setting CVar [[r.SkeletalMeshLODBias:0]]
[2020.04.09-12.35.23:270][  0]LogConfig: Setting CVar [[r.ViewDistanceScale:1.0]]
[2020.04.09-12.35.23:270][  0]LogConfig: Applying CVar settings from Section [AntiAliasingQuality@3] File [D:/Git/Repository_GP_T2/Gestaltningsprojekt-Team-2/UEProject/Saved/Config/Windows/Scalability.ini]
[2020.04.09-12.35.23:270][  0]LogConfig: Setting CVar [[r.PostProcessAAQuality:4]]
[2020.04.09-12.35.23:270][  0]LogConfig: Applying CVar settings from Section [ShadowQuality@3] File [D:/Git/Repository_GP_T2/Gestaltningsprojekt-Team-2/UEProject/Saved/Config/Windows/Scalability.ini]
[2020.04.09-12.35.23:270][  0]LogConfig: Setting CVar [[r.LightFunctionQuality:1]]
[2020.04.09-12.35.23:270][  0]LogConfig: Setting CVar [[r.ShadowQuality:5]]
[2020.04.09-12.35.23:270][  0]LogConfig: Setting CVar [[r.Shadow.CSM.MaxCascades:10]]
[2020.04.09-12.35.23:270][  0]LogConfig: Setting CVar [[r.Shadow.MaxResolution:2048]]
[2020.04.09-12.35.23:270][  0]LogConfig: Setting CVar [[r.Shadow.MaxCSMResolution:2048]]
[2020.04.09-12.35.23:270][  0]LogConfig: Setting CVar [[r.Shadow.RadiusThreshold:0.01]]
[2020.04.09-12.35.23:270][  0]LogConfig: Setting CVar [[r.Shadow.DistanceScale:1.0]]
[2020.04.09-12.35.23:270][  0]LogConfig: Setting CVar [[r.Shadow.CSM.TransitionScale:1.0]]
[2020.04.09-12.35.23:270][  0]LogConfig: Setting CVar [[r.Shadow.PreShadowResolutionFactor:1.0]]
[2020.04.09-12.35.23:270][  0]LogConfig: Setting CVar [[r.DistanceFieldShadowing:1]]
[2020.04.09-12.35.23:270][  0]LogConfig: Setting CVar [[r.DistanceFieldAO:1]]
[2020.04.09-12.35.23:270][  0]LogConfig: Setting CVar [[r.AOQuality:2]]
[2020.04.09-12.35.23:270][  0]LogConfig: Setting CVar [[r.VolumetricFog:1]]
[2020.04.09-12.35.23:270][  0]LogConfig: Setting CVar [[r.VolumetricFog.GridPixelSize:8]]
[2020.04.09-12.35.23:270][  0]LogConfig: Setting CVar [[r.VolumetricFog.GridSizeZ:128]]
[2020.04.09-12.35.23:270][  0]LogConfig: Setting CVar [[r.VolumetricFog.HistoryMissSupersampleCount:4]]
[2020.04.09-12.35.23:270][  0]LogConfig: Setting CVar [[r.LightMaxDrawDistanceScale:1]]
[2020.04.09-12.35.23:270][  0]LogConfig: Setting CVar [[r.CapsuleShadows:1]]
[2020.04.09-12.35.23:270][  0]LogConfig: Applying CVar settings from Section [PostProcessQuality@3] File [D:/Git/Repository_GP_T2/Gestaltningsprojekt-Team-2/UEProject/Saved/Config/Windows/Scalability.ini]
[2020.04.09-12.35.23:270][  0]LogConfig: Setting CVar [[r.MotionBlurQuality:4]]
[2020.04.09-12.35.23:270][  0]LogConfig: Setting CVar [[r.AmbientOcclusionMipLevelFactor:0.4]]
[2020.04.09-12.35.23:270][  0]LogConfig: Setting CVar [[r.AmbientOcclusionMaxQuality:100]]
[2020.04.09-12.35.23:270][  0]LogConfig: Setting CVar [[r.AmbientOcclusionLevels:-1]]
[2020.04.09-12.35.23:270][  0]LogConfig: Setting CVar [[r.AmbientOcclusionRadiusScale:1.0]]
[2020.04.09-12.35.23:270][  0]LogConfig: Setting CVar [[r.DepthOfFieldQuality:2]]
[2020.04.09-12.35.23:270][  0]LogConfig: Setting CVar [[r.RenderTargetPoolMin:400]]
[2020.04.09-12.35.23:270][  0]LogConfig: Setting CVar [[r.LensFlareQuality:2]]
[2020.04.09-12.35.23:271][  0]LogConfig: Setting CVar [[r.SceneColorFringeQuality:1]]
[2020.04.09-12.35.23:271][  0]LogConfig: Setting CVar [[r.EyeAdaptationQuality:2]]
[2020.04.09-12.35.23:271][  0]LogConfig: Setting CVar [[r.BloomQuality:5]]
[2020.04.09-12.35.23:271][  0]LogConfig: Setting CVar [[r.FastBlurThreshold:100]]
[2020.04.09-12.35.23:271][  0]LogConfig: Setting CVar [[r.Upscale.Quality:3]]
[2020.04.09-12.35.23:271][  0]LogConfig: Setting CVar [[r.Tonemapper.GrainQuantization:1]]
[2020.04.09-12.35.23:271][  0]LogConfig: Setting CVar [[r.LightShaftQuality:1]]
[2020.04.09-12.35.23:271][  0]LogConfig: Setting CVar [[r.Filter.SizeScale:1]]
[2020.04.09-12.35.23:271][  0]LogConfig: Setting CVar [[r.Tonemapper.Quality:5]]
[2020.04.09-12.35.23:271][  0]LogConfig: Setting CVar [[r.DOF.Gather.AccumulatorQuality:1        ; higher gathering accumulator quality]]
[2020.04.09-12.35.23:271][  0]LogConfig: Setting CVar [[r.DOF.Gather.PostfilterMethod:1          ; Median3x3 postfilering method]]
[2020.04.09-12.35.23:271][  0]LogConfig: Setting CVar [[r.DOF.Gather.EnableBokehSettings:0       ; no bokeh simulation when gathering]]
[2020.04.09-12.35.23:271][  0]LogConfig: Setting CVar [[r.DOF.Gather.RingCount:4                 ; medium number of samples when gathering]]
[2020.04.09-12.35.23:271][  0]LogConfig: Setting CVar [[r.DOF.Scatter.ForegroundCompositing:1    ; additive foreground scattering]]
[2020.04.09-12.35.23:271][  0]LogConfig: Setting CVar [[r.DOF.Scatter.BackgroundCompositing:2    ; additive background scattering]]
[2020.04.09-12.35.23:271][  0]LogConfig: Setting CVar [[r.DOF.Scatter.EnableBokehSettings:1      ; bokeh simulation when scattering]]
[2020.04.09-12.35.23:271][  0]LogConfig: Setting CVar [[r.DOF.Scatter.MaxSpriteRatio:0.1         ; only a maximum of 10% of scattered bokeh]]
[2020.04.09-12.35.23:271][  0]LogConfig: Setting CVar [[r.DOF.Recombine.Quality:1                ; cheap slight out of focus]]
[2020.04.09-12.35.23:271][  0]LogConfig: Setting CVar [[r.DOF.Recombine.EnableBokehSettings:0    ; no bokeh simulation on slight out of focus]]
[2020.04.09-12.35.23:271][  0]LogConfig: Setting CVar [[r.DOF.TemporalAAQuality:1                ; more stable temporal accumulation]]
[2020.04.09-12.35.23:271][  0]LogConfig: Setting CVar [[r.DOF.Kernel.MaxForegroundRadius:0.025]]
[2020.04.09-12.35.23:271][  0]LogConfig: Setting CVar [[r.DOF.Kernel.MaxBackgroundRadius:0.025]]
[2020.04.09-12.35.23:271][  0]LogConfig: Applying CVar settings from Section [TextureQuality@3] File [D:/Git/Repository_GP_T2/Gestaltningsprojekt-Team-2/UEProject/Saved/Config/Windows/Scalability.ini]
[2020.04.09-12.35.23:271][  0]LogConfig: Setting CVar [[r.Streaming.MipBias:0]]
[2020.04.09-12.35.23:271][  0]LogConfig: Setting CVar [[r.Streaming.AmortizeCPUToGPUCopy:0]]
[2020.04.09-12.35.23:271][  0]LogConfig: Setting CVar [[r.Streaming.MaxNumTexturesToStreamPerFrame:0]]
[2020.04.09-12.35.23:271][  0]LogConfig: Setting CVar [[r.Streaming.Boost:1]]
[2020.04.09-12.35.23:271][  0]LogConfig: Setting CVar [[r.MaxAnisotropy:8]]
[2020.04.09-12.35.23:271][  0]LogConfig: Setting CVar [[r.VT.MaxAnisotropy:8]]
[2020.04.09-12.35.23:271][  0]LogConfig: Setting CVar [[r.Streaming.LimitPoolSizeToVRAM:0]]
[2020.04.09-12.35.23:271][  0]LogConfig: Setting CVar [[r.Streaming.PoolSize:1000]]
[2020.04.09-12.35.23:271][  0]LogConfig: Setting CVar [[r.Streaming.MaxEffectiveScreenSize:0]]
[2020.04.09-12.35.23:271][  0]LogConfig: Applying CVar settings from Section [EffectsQuality@3] File [D:/Git/Repository_GP_T2/Gestaltningsprojekt-Team-2/UEProject/Saved/Config/Windows/Scalability.ini]
[2020.04.09-12.35.23:271][  0]LogConfig: Setting CVar [[r.TranslucencyLightingVolumeDim:64]]
[2020.04.09-12.35.23:271][  0]LogConfig: Setting CVar [[r.RefractionQuality:2]]
[2020.04.09-12.35.23:271][  0]LogConfig: Setting CVar [[r.SSR.Quality:3]]
[2020.04.09-12.35.23:271][  0]LogConfig: Setting CVar [[r.SSR.HalfResSceneColor:0]]
[2020.04.09-12.35.23:271][  0]LogConfig: Setting CVar [[r.SceneColorFormat:4]]
[2020.04.09-12.35.23:271][  0]LogConfig: Setting CVar [[r.DetailMode:2]]
[2020.04.09-12.35.23:271][  0]LogConfig: Setting CVar [[r.TranslucencyVolumeBlur:1]]
[2020.04.09-12.35.23:271][  0]LogConfig: Setting CVar [[r.MaterialQualityLevel:1 ; High quality]]
[2020.04.09-12.35.23:271][  0]LogConfig: Setting CVar [[r.SSS.Scale:1]]
[2020.04.09-12.35.23:271][  0]LogConfig: Setting CVar [[r.SSS.SampleSet:2]]
[2020.04.09-12.35.23:271][  0]LogConfig: Setting CVar [[r.SSS.Quality:1]]
[2020.04.09-12.35.23:271][  0]LogConfig: Setting CVar [[r.SSS.HalfRes:1]]
[2020.04.09-12.35.23:271][  0]LogConfig: Setting CVar [[r.SSGI.Quality:3]]
[2020.04.09-12.35.23:271][  0]LogConfig: Setting CVar [[r.EmitterSpawnRateScale:1.0]]
[2020.04.09-12.35.23:271][  0]LogConfig: Setting CVar [[r.ParticleLightQuality:2]]
[2020.04.09-12.35.23:271][  0]LogConfig: Setting CVar [[r.SkyAtmosphere.AerialPerspectiveLUT.FastApplyOnOpaque:1 ; Always have FastSkyLUT 1 in this case to avoid wrong sky]]
[2020.04.09-12.35.23:271][  0]LogConfig: Setting CVar [[r.SkyAtmosphere.AerialPerspectiveLUT.SampleCountPerSlice:1]]
[2020.04.09-12.35.23:271][  0]LogConfig: Setting CVar [[r.SkyAtmosphere.AerialPerspectiveLUT.DepthResolution:16.0]]
[2020.04.09-12.35.23:271][  0]LogConfig: Setting CVar [[r.SkyAtmosphere.FastSkyLUT:1]]
[2020.04.09-12.35.23:271][  0]LogConfig: Setting CVar [[r.SkyAtmosphere.FastSkyLUT.SampleCountMin:4.0]]
[2020.04.09-12.35.23:271][  0]LogConfig: Setting CVar [[r.SkyAtmosphere.FastSkyLUT.SampleCountMax:32.0]]
[2020.04.09-12.35.23:271][  0]LogConfig: Setting CVar [[r.SkyAtmosphere.SampleCountMin:4.0]]
[2020.04.09-12.35.23:271][  0]LogConfig: Setting CVar [[r.SkyAtmosphere.SampleCountMax:32.0]]
[2020.04.09-12.35.23:271][  0]LogConfig: Setting CVar [[r.SkyAtmosphere.TransmittanceLUT.UseSmallFormat:0]]
[2020.04.09-12.35.23:271][  0]LogConfig: Setting CVar [[r.SkyAtmosphere.TransmittanceLUT.SampleCount:10.0]]
[2020.04.09-12.35.23:271][  0]LogConfig: Setting CVar [[r.SkyAtmosphere.MultiScatteringLUT.SampleCount:15.0]]
[2020.04.09-12.35.23:271][  0]LogConfig: Applying CVar settings from Section [FoliageQuality@3] File [D:/Git/Repository_GP_T2/Gestaltningsprojekt-Team-2/UEProject/Saved/Config/Windows/Scalability.ini]
[2020.04.09-12.35.23:271][  0]LogConfig: Setting CVar [[foliage.DensityScale:1.0]]
[2020.04.09-12.35.23:271][  0]LogConfig: Setting CVar [[grass.DensityScale:1.0]]
[2020.04.09-12.35.23:271][  0]LogConfig: Applying CVar settings from Section [ShadingQuality@3] File [D:/Git/Repository_GP_T2/Gestaltningsprojekt-Team-2/UEProject/Saved/Config/Windows/Scalability.ini]
[2020.04.09-12.35.23:271][  0]LogConfig: Setting CVar [[r.HairStrands.SkyLighting.SampleCount:16]]
[2020.04.09-12.35.23:272][  0]LogConfig: Setting CVar [[r.HairStrands.SkyLighting.JitterIntegration:0]]
[2020.04.09-12.35.23:272][  0]LogConfig: Setting CVar [[r.HairStrands.SkyAO.SampleCount:16]]
[2020.04.09-12.35.23:272][  0]LogConfig: Applying CVar settings from Section [Startup] File [../../../Engine/Config/ConsoleVariables.ini]
[2020.04.09-12.35.23:272][  0]LogConfig: Setting CVar [[net.UseAdaptiveNetUpdateFrequency:0]]
[2020.04.09-12.35.23:272][  0]LogConfig: Setting CVar [[p.chaos.AllowCreatePhysxBodies:1]]
[2020.04.09-12.35.23:272][  0]LogConfig: Applying CVar settings from Section [ConsoleVariables] File [D:/Git/Repository_GP_T2/Gestaltningsprojekt-Team-2/UEProject/Saved/Config/Windows/Engine.ini]
[2020.04.09-12.35.23:272][  0]LogInit: Computer: DESKTOP-KPTPBTP
[2020.04.09-12.35.23:272][  0]LogInit: User: Alexander
[2020.04.09-12.35.23:272][  0]LogInit: CPU Page size=4096, Cores=4
[2020.04.09-12.35.23:272][  0]LogInit: High frequency timer resolution =10.000000 MHz
[2020.04.09-12.35.23:272][  0]LogMemory: Memory total: Physical=7.9GB (8GB approx)
[2020.04.09-12.35.23:272][  0]LogMemory: Platform Memory Stats for Windows
[2020.04.09-12.35.23:272][  0]LogMemory: Process Physical Memory: 111.37 MB used, 111.38 MB peak
[2020.04.09-12.35.23:272][  0]LogMemory: Process Virtual Memory: 104.46 MB used, 104.46 MB peak
[2020.04.09-12.35.23:272][  0]LogMemory: Physical Memory: 6364.46 MB used,  1775.77 MB free, 8140.23 MB total
[2020.04.09-12.35.23:272][  0]LogMemory: Virtual Memory: 5142.78 MB used,  134212584.00 MB free, 134217728.00 MB total
[2020.04.09-12.35.23:276][  0]LogWindows: WindowsPlatformFeatures enabled
[2020.04.09-12.35.23:297][  0]LogInit: Using OS detected language (sv-SE).
[2020.04.09-12.35.23:297][  0]LogInit: Using OS detected locale (sv-SE).
[2020.04.09-12.35.23:299][  0]LogTextLocalizationManager: No localization for 'sv-SE' exists, so 'en' will be used for the language.
[2020.04.09-12.35.23:486][  0]LogInit: Setting process to per monitor DPI aware
[2020.04.09-12.35.23:543][  0]LogSlate: New Slate User Created.  User Index 0, Is Virtual User: 0
[2020.04.09-12.35.23:543][  0]LogSlate: Slate User Registered.  User Index 0, Is Virtual User: 0
[2020.04.09-12.35.23:771][  0]LogD3D11RHI: D3D11 min allowed feature level: 11_0
[2020.04.09-12.35.23:771][  0]LogD3D11RHI: D3D11 max allowed feature level: 11_0
[2020.04.09-12.35.23:771][  0]LogD3D11RHI: D3D11 adapters:
[2020.04.09-12.35.23:818][  0]LogD3D11RHI:    0. 'Radeon (TM) RX 480 Graphics' (Feature Level 11_0)
[2020.04.09-12.35.23:818][  0]LogD3D11RHI:       4076/0/4070 MB DedicatedVideo/DedicatedSystem/SharedSystem, Outputs:2, VendorId:0x1002
[2020.04.09-12.35.23:821][  0]LogD3D11RHI:    1. 'Microsoft Basic Render Driver' (Feature Level 11_0)
[2020.04.09-12.35.23:822][  0]LogD3D11RHI:       0/0/4070 MB DedicatedVideo/DedicatedSystem/SharedSystem, Outputs:0, VendorId:0x1414
[2020.04.09-12.35.23:822][  0]LogD3D11RHI: Chosen D3D11 Adapter: 0
[2020.04.09-12.35.23:833][  0]LogD3D11RHI: Creating new Direct3DDevice
[2020.04.09-12.35.23:833][  0]LogD3D11RHI:     GPU DeviceId: 0x67df (for the marketing name, search the web for "GPU Device Id")
[2020.04.09-12.35.23:833][  0]LogWindows: EnumDisplayDevices:
[2020.04.09-12.35.23:833][  0]LogWindows:    0. 'Radeon (TM) RX 480 Graphics' (P:1 D:1)
[2020.04.09-12.35.23:834][  0]LogWindows:    1. 'Radeon (TM) RX 480 Graphics' (P:0 D:1)
[2020.04.09-12.35.23:835][  0]LogWindows:    2. 'Radeon (TM) RX 480 Graphics' (P:0 D:0)
[2020.04.09-12.35.23:835][  0]LogWindows:    3. 'Radeon (TM) RX 480 Graphics' (P:0 D:0)
[2020.04.09-12.35.23:836][  0]LogWindows:    4. 'Radeon (TM) RX 480 Graphics' (P:0 D:0)
[2020.04.09-12.35.23:837][  0]LogWindows:    5. 'Radeon (TM) RX 480 Graphics' (P:0 D:0)
[2020.04.09-12.35.23:837][  0]LogWindows:    6. 'Radeon (TM) RX 480 Graphics' (P:0 D:0)
[2020.04.09-12.35.23:838][  0]LogWindows:    7. 'Radeon (TM) RX 480 Graphics' (P:0 D:0)
[2020.04.09-12.35.23:838][  0]LogWindows: DebugString: FoundDriverCount:8 
[2020.04.09-12.35.23:838][  0]LogD3D11RHI:     Adapter Name: Radeon (TM) RX 480 Graphics
[2020.04.09-12.35.23:838][  0]LogD3D11RHI:   Driver Version: Adrenalin 2019 19.9.2 (internal:26.20.13003.1007, unified:26.20.13003.1007)
[2020.04.09-12.35.23:838][  0]LogD3D11RHI:      Driver Date: 9-10-2019
[2020.04.09-12.35.23:838][  0]LogRHI: Texture pool is 2853 MB (70% of 4076 MB)
[2020.04.09-12.35.23:924][  0]LogD3D11RHI: RHI does not have support for 64 bit atomics
[2020.04.09-12.35.23:924][  0]LogD3D11RHI: Async texture creation enabled
[2020.04.09-12.35.23:938][  0]LogD3D11RHI: GPU Timing Frequency: 25.000000 (Debug: 2 1)
[2020.04.09-12.35.24:351][  0]LogTargetPlatformManager: Display: Loaded TargetPlatform 'AllDesktop'
[2020.04.09-12.35.24:392][  0]LogTargetPlatformManager: Display: Loaded TargetPlatform 'Android'
[2020.04.09-12.35.24:392][  0]LogTargetPlatformManager: Display: Loaded TargetPlatform 'Android_ASTC'
[2020.04.09-12.35.24:392][  0]LogTargetPlatformManager: Display: Loaded TargetPlatform 'Android_ATC'
[2020.04.09-12.35.24:392][  0]LogTargetPlatformManager: Display: Loaded TargetPlatform 'Android_DXT'
[2020.04.09-12.35.24:392][  0]LogTargetPlatformManager: Display: Loaded TargetPlatform 'Android_ETC1'
[2020.04.09-12.35.24:392][  0]LogTargetPlatformManager: Display: Loaded TargetPlatform 'Android_ETC1a'
[2020.04.09-12.35.24:392][  0]LogTargetPlatformManager: Display: Loaded TargetPlatform 'Android_ETC2'
[2020.04.09-12.35.24:392][  0]LogTargetPlatformManager: Display: Loaded TargetPlatform 'Android_PVRTC'
[2020.04.09-12.35.24:392][  0]LogTargetPlatformManager: Display: Loaded TargetPlatform 'AndroidClient'
[2020.04.09-12.35.24:392][  0]LogTargetPlatformManager: Display: Loaded TargetPlatform 'Android_ASTCClient'
[2020.04.09-12.35.24:392][  0]LogTargetPlatformManager: Display: Loaded TargetPlatform 'Android_ATCClient'
[2020.04.09-12.35.24:392][  0]LogTargetPlatformManager: Display: Loaded TargetPlatform 'Android_DXTClient'
[2020.04.09-12.35.24:392][  0]LogTargetPlatformManager: Display: Loaded TargetPlatform 'Android_ETC1Client'
[2020.04.09-12.35.24:392][  0]LogTargetPlatformManager: Display: Loaded TargetPlatform 'Android_ETC1aClient'
[2020.04.09-12.35.24:392][  0]LogTargetPlatformManager: Display: Loaded TargetPlatform 'Android_ETC2Client'
[2020.04.09-12.35.24:392][  0]LogTargetPlatformManager: Display: Loaded TargetPlatform 'Android_PVRTCClient'
[2020.04.09-12.35.24:392][  0]LogTargetPlatformManager: Display: Loaded TargetPlatform 'Android_Multi'
[2020.04.09-12.35.24:392][  0]LogTargetPlatformManager: Display: Loaded TargetPlatform 'Android_MultiClient'
[2020.04.09-12.35.24:417][  0]LogTargetPlatformManager: Display: Loaded TargetPlatform 'IOSClient'
[2020.04.09-12.35.24:417][  0]LogTargetPlatformManager: Display: Loaded TargetPlatform 'IOS'
[2020.04.09-12.35.24:424][  0]LogTargetPlatformManager: Display: Loaded TargetPlatform 'LinuxNoEditor'
[2020.04.09-12.35.24:432][  0]LogTargetPlatformManager: Display: Loaded TargetPlatform 'LinuxClient'
[2020.04.09-12.35.24:440][  0]LogTargetPlatformManager: Display: Loaded TargetPlatform 'LinuxServer'
[2020.04.09-12.35.24:448][  0]LogTargetPlatformManager: Display: Loaded TargetPlatform 'LinuxAArch64NoEditor'
[2020.04.09-12.35.24:457][  0]LogTargetPlatformManager: Display: Loaded TargetPlatform 'LinuxAArch64Client'
[2020.04.09-12.35.24:465][  0]LogTargetPlatformManager: Display: Loaded TargetPlatform 'LinuxAArch64Server'
[2020.04.09-12.35.24:496][  0]LogTargetPlatformManager: Display: Loaded TargetPlatform 'Lumin'
[2020.04.09-12.35.24:496][  0]LogTargetPlatformManager: Display: Loaded TargetPlatform 'LuminClient'
[2020.04.09-12.35.24:514][  0]LogTargetPlatformManager: Display: Loaded TargetPlatform 'TVOSClient'
[2020.04.09-12.35.24:514][  0]LogTargetPlatformManager: Display: Loaded TargetPlatform 'TVOS'
[2020.04.09-12.35.24:524][  0]LogTargetPlatformManager: Display: Loaded TargetPlatform 'WindowsNoEditor'
[2020.04.09-12.35.24:534][  0]LogTargetPlatformManager: Display: Loaded TargetPlatform 'Windows'
[2020.04.09-12.35.24:543][  0]LogTargetPlatformManager: Display: Loaded TargetPlatform 'WindowsClient'
[2020.04.09-12.35.24:551][  0]LogTargetPlatformManager: Display: Loaded TargetPlatform 'WindowsServer'
[2020.04.09-12.35.24:551][  0]LogTargetPlatformManager: Display: Building Assets For Windows
[2020.04.09-12.35.24:556][  0]LogAudioDebug: Display: Lib vorbis DLL was dynamically loaded.
[2020.04.09-12.35.24:587][  0]LogShaderCompilers: Guid format shader working directory is -11 characters bigger than the processId version (D:/Git/Repository_GP_T2/Gestaltningsprojekt-Team-2/UEProject/Intermediate/Shaders/WorkingDirectory/12528/).
[2020.04.09-12.35.24:587][  0]LogShaderCompilers: Cleaned the shader compiler working directory 'C:/Users/Alexander/AppData/Local/Temp/UnrealShaderWorkingDir/FC661E3D4FCCF4A7053BC98AFFCFA5E9/'.
[2020.04.09-12.35.24:588][  0]LogXGEController: Cannot use XGE Controller as Incredibuild is not installed on this machine.
[2020.04.09-12.35.24:588][  0]LogShaderCompilers: Cannot use XGE Shader Compiler as Incredibuild is not installed on this machine.
[2020.04.09-12.35.24:588][  0]LogShaderCompilers: Display: Using Local Shader Compiler.
[2020.04.09-12.35.25:429][  0]LogDerivedDataCache: Display: Max Cache Size: 512 MB
[2020.04.09-12.35.25:489][  0]LogDerivedDataCache: Loaded boot cache 0.06s 81MB C:/Users/Alexander/AppData/Local/UnrealEngine/4.24/DerivedDataCache/Boot.ddc.
[2020.04.09-12.35.25:489][  0]LogDerivedDataCache: Display: Loaded Boot cache: C:/Users/Alexander/AppData/Local/UnrealEngine/4.24/DerivedDataCache/Boot.ddc
[2020.04.09-12.35.25:489][  0]LogDerivedDataCache: FDerivedDataBackendGraph:  Pak pak cache file D:/Git/Repository_GP_T2/Gestaltningsprojekt-Team-2/UEProject/DerivedDataCache/DDC.ddp not found, will not use a pak cache.
[2020.04.09-12.35.25:489][  0]LogDerivedDataCache: Unable to find inner node Pak for hierarchical cache Hierarchy.
[2020.04.09-12.35.25:490][  0]LogDerivedDataCache: FDerivedDataBackendGraph:  CompressedPak pak cache file D:/Git/Repository_GP_T2/Gestaltningsprojekt-Team-2/UEProject/DerivedDataCache/Compressed.ddp not found, will not use a pak cache.
[2020.04.09-12.35.25:490][  0]LogDerivedDataCache: Unable to find inner node CompressedPak for hierarchical cache Hierarchy.
[2020.04.09-12.35.25:505][  0]LogDerivedDataCache: Display: Pak cache opened for reading ../../../Engine/DerivedDataCache/Compressed.ddp.
[2020.04.09-12.35.25:506][  0]LogDerivedDataCache: FDerivedDataBackendGraph:  EnterprisePak pak cache file ../../../Enterprise/DerivedDataCache/Compressed.ddp not found, will not use a pak cache.
[2020.04.09-12.35.25:506][  0]LogDerivedDataCache: Unable to find inner node EnterprisePak for hierarchical cache Hierarchy.
[2020.04.09-12.35.25:507][  0]LogDerivedDataCache: Using Local data cache path C:/Users/Alexander/AppData/Local/UnrealEngine/Common/DerivedDataCache: Writable
[2020.04.09-12.35.25:507][  0]LogDerivedDataCache: Shared data cache path not found in *engine.ini, will not use an Shared cache.
[2020.04.09-12.35.25:507][  0]LogDerivedDataCache: Unable to find inner node Shared for hierarchical cache Hierarchy.
[2020.04.09-12.35.25:535][  0]LogMaterial: Verifying Global Shaders for PCD3D_SM5
[2020.04.09-12.35.25:539][  0]LogSlate: Using FreeType 2.10.0
[2020.04.09-12.35.25:539][  0]LogSlate: SlateFontServices - WITH_FREETYPE: 1, WITH_HARFBUZZ: 1
[2020.04.09-12.35.25:599][  0]LogAssetRegistry: FAssetRegistry took 0.0033 seconds to start up
[2020.04.09-12.35.25:996][  0]LogInit: Selected Device Profile: [Windows]
[2020.04.09-12.35.26:194][  0]LogMeshReduction: Using QuadricMeshReduction for automatic static mesh reduction
[2020.04.09-12.35.26:194][  0]LogMeshReduction: Using SimplygonMeshReduction for automatic skeletal mesh reduction
[2020.04.09-12.35.26:195][  0]LogMeshReduction: Using ProxyLODMeshReduction for automatic mesh merging
[2020.04.09-12.35.26:195][  0]LogMeshReduction: No distributed automatic mesh merging module available
[2020.04.09-12.35.26:195][  0]LogMeshMerging: No distributed automatic mesh merging module available
[2020.04.09-12.35.26:246][  0]LogNetVersion: UEProject 1.0.0, NetCL: 10570792, EngineNetVer: 13, GameNetVer: 0 (Checksum: 1744297781)
[2020.04.09-12.35.27:781][  0]LogPackageLocalizationCache: Processed 9 localized package path(s) for 1 prioritized culture(s) in 0.095902 seconds
[2020.04.09-12.35.27:791][  0]LogUObjectArray: 46289 objects as part of root set at end of initial load.
[2020.04.09-12.35.27:791][  0]LogUObjectAllocator: 8062600 out of 0 bytes used by permanent object pool.
[2020.04.09-12.35.27:791][  0]LogUObjectArray: CloseDisregardForGC: 0/0 objects in disregard for GC pool
[2020.04.09-12.35.28:273][  0]LogTcpMessaging: Initializing TcpMessaging bridge
[2020.04.09-12.35.28:277][  0]LogUdpMessaging: Initializing bridge on interface 0.0.0.0:0 to multicast group 230.0.0.1:6666.
[2020.04.09-12.35.28:353][  0]SourceControl: Source control is disabled
[2020.04.09-12.35.28:353][  0]SourceControl: Source control is disabled
[2020.04.09-12.35.28:355][  0]SourceControl: Source control is disabled
[2020.04.09-12.35.28:356][  0]SourceControl: Source control is disabled
[2020.04.09-12.35.28:357][  0]SourceControl: Source control is disabled
[2020.04.09-12.35.28:367][  0]LogVSAccessor: Display: Unable to create Visual Studio setup instance: 80040154
[2020.04.09-12.35.28:368][  0]LogVSAccessor: Display: Unable to create Visual Studio setup instance: 80040154
[2020.04.09-12.35.28:457][  0]LogAndroidPermission: UAndroidPermissionCallbackProxy::GetInstance
[2020.04.09-12.35.28:470][  0]LogAudioCaptureCore: Display: No Audio Capture implementations found. Audio input will be silent.
[2020.04.09-12.35.28:470][  0]LogAudioCaptureCore: Display: No Audio Capture implementations found. Audio input will be silent.
[2020.04.09-12.35.28:582][  0]LogOcInput: OculusInput pre-init called
[2020.04.09-12.35.29:477][  0]LogEngine: Initializing Engine...
[2020.04.09-12.35.29:478][  0]LogStats: UGameplayTagsManager::InitializeManager -  0.000 s
[2020.04.09-12.35.29:875][  0]LogInit: Initializing FReadOnlyCVARCache
[2020.04.09-12.35.29:884][  0]LogAIModule: Creating AISystem for world Untitled
[2020.04.09-12.35.29:906][  0]LogAudioMixer: Display: Audio Mixer Platform Settings:
[2020.04.09-12.35.29:906][  0]LogAudioMixer: Display: 	Sample Rate:						  48000
[2020.04.09-12.35.29:906][  0]LogAudioMixer: Display: 	Callback Buffer Frame Size Requested: 1024
[2020.04.09-12.35.29:906][  0]LogAudioMixer: Display: 	Callback Buffer Frame Size To Use:	  1024
[2020.04.09-12.35.29:906][  0]LogAudioMixer: Display: 	Number of buffers to queue:			  2
[2020.04.09-12.35.29:906][  0]LogAudioMixer: Display: 	Max Channels (voices):				  32
[2020.04.09-12.35.29:906][  0]LogAudioMixer: Display: 	Number of Async Source Workers:		  0
[2020.04.09-12.35.29:906][  0]LogAudio: Display: AudioDevice MaxSources: 32
[2020.04.09-12.35.29:906][  0]LogAudio: Display: Using built-in audio occlusion.
[2020.04.09-12.35.29:906][  0]LogAudioMixer: Display: Initializing audio mixer.
[2020.04.09-12.35.29:965][  0]LogAudioMixer: Display: Audio Device Output Speaker Info:
[2020.04.09-12.35.29:965][  0]LogAudioMixer: Display: Name: Hörlurar (2- High Definition Audio Device)
[2020.04.09-12.35.29:965][  0]LogAudioMixer: Display: Is Default: Yes
[2020.04.09-12.35.29:965][  0]LogAudioMixer: Display: Sample Rate: 48000
[2020.04.09-12.35.29:965][  0]LogAudioMixer: Display: Channel Count Used: 2
[2020.04.09-12.35.29:965][  0]LogAudioMixer: Display: Device Channel Count: 2
[2020.04.09-12.35.29:965][  0]LogAudioMixer: Display: Channel Order:
[2020.04.09-12.35.29:965][  0]LogAudioMixer: Display: 0: FrontLeft
[2020.04.09-12.35.29:965][  0]LogAudioMixer: Display: 1: FrontRight
[2020.04.09-12.35.29:993][  0]LogAudioMixer: Display: Using Audio Device Hörlurar (2- High Definition Audio Device)
[2020.04.09-12.35.29:999][  0]LogInit: FAudioDevice initialized.
[2020.04.09-12.35.30:000][  0]LogNetVersion: Set ProjectVersion to 1.0.0.0. Version Checksum will be recalculated on next use.
[2020.04.09-12.35.30:394][  0]LogDerivedDataCache: Saved boot cache 0.39s 81MB C:/Users/Alexander/AppData/Local/UnrealEngine/4.24/DerivedDataCache/Boot.ddc.
[2020.04.09-12.35.30:394][  0]LogInit: Texture streaming: Enabled
[2020.04.09-12.35.30:409][  0]LogEngineSessionManager: EngineSessionManager initialized
[2020.04.09-12.35.30:409][  0]LogEditorSessionSummary: Verbose: Initializing EditorSessionSummaryWriter for editor session tracking
[2020.04.09-12.35.30:415][  0]LogEditorSessionSummary: EditorSessionSummaryWriter initialized
[2020.04.09-12.35.30:462][  0]LogInit: Transaction tracking system initialized
[2020.04.09-12.35.30:475][  0]BlueprintLog: New page: Editor Load
[2020.04.09-12.35.30:510][  0]LocalizationService: Localization service is disabled
[2020.04.09-12.35.30:572][  0]LogVSAccessor: Display: Unable to create Visual Studio setup instance: 80040154
[2020.04.09-12.35.30:573][  0]LogVSAccessor: Display: Unable to create Visual Studio setup instance: 80040154
[2020.04.09-12.35.30:855][  0]LogFileCache: Scanning file cache for directory 'D:/Git/Repository_GP_T2/Gestaltningsprojekt-Team-2/UEProject/Content/' took 0.00s
[2020.04.09-12.35.30:855][  0]LogCook: Display: Max memory allowance for cook 16384mb min free memory 0mb
[2020.04.09-12.35.30:855][  0]LogCook: Display: Mobile HDR setting 1
[2020.04.09-12.35.30:989][  0]SourceControl: Source control is disabled
[2020.04.09-12.35.30:989][  0]Cmd: MAP LOAD FILE="../../../Engine/Content/Maps/Templates/Template_Default.umap" TEMPLATE=1 SHOWPROGRESS=1 FEATURELEVEL=3
[2020.04.09-12.35.30:989][  0]LightingResults: New page: Lighting Build
[2020.04.09-12.35.30:990][  0]LogWorld: UWorld::CleanupWorld for Untitled, bSessionEnded=true, bCleanupResources=true
[2020.04.09-12.35.30:990][  0]LogSlate: InvalidateAllWidgets triggered.  All widgets were invalidated
[2020.04.09-12.35.30:990][  0]MapCheck: New page: Map Check
[2020.04.09-12.35.30:990][  0]LightingResults: New page: Lighting Build
[2020.04.09-12.35.31:018][  0]LogUObjectHash: Compacting FUObjectHashTables data took   2.37ms
[2020.04.09-12.35.31:117][  0]LogAIModule: Creating AISystem for world Untitled_1
[2020.04.09-12.35.31:123][  0]LogEditorServer: Finished looking for orphan Actors (0.000 secs)
[2020.04.09-12.35.31:152][  0]LogUObjectHash: Compacting FUObjectHashTables data took   2.65ms
[2020.04.09-12.35.31:152][  0]Cmd: MAP CHECKDEP NOCLEARLOG
[2020.04.09-12.35.31:152][  0]MapCheck: Map check complete: 0 Error(s), 0 Warning(s), took 0,103ms to complete.
[2020.04.09-12.35.31:153][  0]LogFileHelpers: Loading map 'Template_Default' took 0.163
[2020.04.09-12.35.31:289][  0]LogSlate: Updating window title bar state: overlay mode, drag disabled, window buttons hidden, title bar hidden
[2020.04.09-12.35.31:298][  0]LogSlate: Updating window title bar state: overlay mode, drag disabled, window buttons hidden, title bar hidden
[2020.04.09-12.35.31:307][  0]LogSlate: Updating window title bar state: overlay mode, drag disabled, window buttons hidden, title bar hidden
[2020.04.09-12.35.31:315][  0]LogSlate: Updating window title bar state: overlay mode, drag disabled, window buttons hidden, title bar hidden
[2020.04.09-12.35.31:324][  0]LogCollectionManager: Loaded 0 collections in 0.002783 seconds
[2020.04.09-12.35.31:378][  0]LogFileCache: Scanning file cache for directory 'D:/Git/Repository_GP_T2/Gestaltningsprojekt-Team-2/UEProject/Saved/Collections/' took 0.00s
[2020.04.09-12.35.31:378][  0]LogFileCache: Scanning file cache for directory 'D:/Git/Repository_GP_T2/Gestaltningsprojekt-Team-2/UEProject/Content/Developers/Alexander/Collections/' took 0.00s
[2020.04.09-12.35.31:378][  0]LogFileCache: Scanning file cache for directory 'D:/Git/Repository_GP_T2/Gestaltningsprojekt-Team-2/UEProject/Content/Collections/' took 0.00s
[2020.04.09-12.35.31:378][  0]LogContentBrowser: Native class hierarchy populated in 0.0129 seconds. Added 3010 classes and 712 folders.
[2020.04.09-12.35.31:382][  0]LogContentBrowser: Native class hierarchy updated for 'WidgetCarousel' in 0.0008 seconds. Added 0 classes and 0 folders.
[2020.04.09-12.35.31:501][  0]LogContentBrowser: Native class hierarchy updated for 'AddContentDialog' in 0.0006 seconds. Added 0 classes and 0 folders.
[2020.04.09-12.35.31:507][  0]LogContentBrowser: Native class hierarchy updated for 'SceneOutliner' in 0.0006 seconds. Added 2 classes and 3 folders.
[2020.04.09-12.35.31:625][  0]LogSlate: Took 0.000283 seconds to synchronously load lazily loaded font '../../../Engine/Content/Slate/Fonts/Roboto-Regular.ttf' (155K)
[2020.04.09-12.35.31:628][  0]LogSlate: Took 0.000274 seconds to synchronously load lazily loaded font '../../../Engine/Content/Slate/Fonts/Roboto-Bold.ttf' (160K)
[2020.04.09-12.35.31:636][  0]LogSlate: Took 0.000294 seconds to synchronously load lazily loaded font '../../../Engine/Content/Editor/Slate/Fonts/FontAwesome.ttf' (139K)
[2020.04.09-12.35.31:762][  0]LogRenderer: Reallocating scene render targets to support 1280x660 Format 10 NumSamples 1 (Frame:1).
[2020.04.09-12.35.31:908][  0]LogContentBrowser: Native class hierarchy updated for 'HierarchicalLODOutliner' in 0.0006 seconds. Added 0 classes and 0 folders.
[2020.04.09-12.35.31:908][  0]LogLoad: (Engine Initialization) Total time: 13.30 seconds
[2020.04.09-12.35.31:908][  0]LogLoad: (Engine Initialization) Total Blueprint compile time: 0.00 seconds
[2020.04.09-12.35.31:965][  0]LogAssetRegistry: Asset discovery search completed in 6.3683 seconds
[2020.04.09-12.35.31:971][  0]LogCollectionManager: Fixed up redirectors for 0 collections in 0.000013 seconds (updated 0 objects)
[2020.04.09-12.35.31:973][  0]LogContentStreaming: Texture pool size now 1000 MB
[2020.04.09-12.35.31:992][  0]LogSlate: Took 0.000241 seconds to synchronously load lazily loaded font '../../../Engine/Content/Slate/Fonts/Roboto-Light.ttf' (167K)
[2020.04.09-12.36.42:448][450]LogSlate: Took 0.000283 seconds to synchronously load lazily loaded font '../../../Engine/Content/Slate/Fonts/Roboto-Light.ttf' (167K)
[2020.04.09-12.36.42:554][450]LogFactory: FactoryCreateFile: StaticMesh with FbxFactory (0 0 E:\Modeling_Textures_Maya_Blender\Maya_2018\W0033F\DICE\Generator_L.fbx)
[2020.04.09-12.36.42:714][450]LogFbx: Loading FBX Scene from E:\Modeling_Textures_Maya_Blender\Maya_2018\W0033F\DICE\Generator_L.fbx
[2020.04.09-12.36.42:748][450]LogFbx: FBX Scene Loaded Succesfully
[2020.04.09-12.36.44:346][450]LogSlate: Window 'FBX Import Options' being destroyed
[2020.04.09-12.36.44:697][450]LogMaterial: Display: Missing cached shader map for material lambert1, compiling. 
[2020.04.09-12.36.44:784][450]LogShaderCompilers: Display: Worker (1/5): shaders left to compile 15
[2020.04.09-12.36.44:784][450]LogShaderCompilers: Display: Worker (2/5): shaders left to compile 11
[2020.04.09-12.36.44:784][450]LogShaderCompilers: Display: Worker (3/5): shaders left to compile 7
[2020.04.09-12.36.44:784][450]LogShaderCompilers: Display: Worker (4/5): shaders left to compile 3
[2020.04.09-12.36.44:792][450]LogMaterial: Display: Missing cached shader map for material Window, compiling. 
[2020.04.09-12.36.44:816][450]LogFbx: Display: Triangulating static mesh Exported_Model
[2020.04.09-12.36.45:178][450]LogStaticMesh: Building static mesh Generator_L...
[2020.04.09-12.36.45:454][450]LogStaticMesh: Built static mesh [0.27s] /Game/Maps/Generator_L.Generator_L
[2020.04.09-12.36.45:611][450]LogStaticMesh: Warning: Generator_L has degenerate tangent bases which will result in incorrect shading.  MikkTSpace relies on tangent bases and may result in mesh corruption, consider disabling this option.
[2020.04.09-12.36.45:611][450]LogStaticMesh: Warning: Generator_L has some nearly zero bi-normals which can create some issues. (Tolerance of 1E-4)
[2020.04.09-12.36.45:748][450]FBXImport: Warning: Generator_L has degenerate tangent bases which will result in incorrect shading.  MikkTSpace relies on tangent bases and may result in mesh corruption, consider disabling this option. 
[2020.04.09-12.36.45:749][450]FBXImport: Warning: Generator_L has some nearly zero bi-normals which can create some issues. (Tolerance of 1E-4) 
[2020.04.09-12.36.46:457][460]LogShaderCompilers: Display: Worker (4/5): shaders left to compile 15
[2020.04.09-12.36.47:563][536]LogShaderCompilers: Display: Worker (1/5): shaders left to compile 11
[2020.04.09-12.36.47:728][550]LogShaderCompilers: Display: Worker (2/5): shaders left to compile 8
[2020.04.09-12.36.47:771][554]LogSlate: Window 'Message Log' being destroyed
[2020.04.09-12.36.47:779][554]LogSlate: Window 'Message Log' being destroyed
[2020.04.09-12.36.48:164][584]LogShaderCompilers: Display: Worker (3/5): shaders left to compile 5
[2020.04.09-12.36.48:855][607]LogActorFactory: Actor Factory created Generator_L
[2020.04.09-12.36.48:884][607]LogShaderCompilers: Display: Worker (4/5): shaders left to compile 3
[2020.04.09-12.36.49:410][624]LogShaderCompilers: Display: Worker (3/5): shaders left to compile 2
[2020.04.09-12.36.49:654][638]LogShaderCompilers: Display: Worker (4/5): shaders left to compile 1
[2020.04.09-12.36.50:028][663]LogActorFactory: Actor Factory created Generator_L
[2020.04.09-12.36.55:271][234]Cmd: TRANSACTION UNDO
[2020.04.09-12.36.55:285][234]LogEditorTransaction: Undo Scale Actors
[2020.04.09-12.36.58:947][610]Cmd: MODE GRID=0
[2020.04.09-12.36.59:919][673]Cmd: MODE ROTGRID=0
[2020.04.09-12.37.00:330][715]Cmd: MODE SCALEGRID=0
[2020.04.09-12.37.14:793][350]LogEditorViewport: Clicking on Actor (LMB): BP_Sky_Sphere_C (Sky Sphere)
[2020.04.09-12.37.22:336][ 96]LogLinker: Warning: While loading 'D:/Git/Repository_GP_T2/Gestaltningsprojekt-Team-2/UEProject/Content/Maps/NewMap.umap' failed to load '/Game/Maps/NewMap_BuiltData': Can't find file.
[2020.04.09-12.37.22:336][ 96]LogLinker: Warning: While loading 'D:/Git/Repository_GP_T2/Gestaltningsprojekt-Team-2/UEProject/Content/Maps/NewMap.umap' failed to load '/Game/Maps/NewMap_BuiltData': Can't find file.
[2020.04.09-12.37.22:339][ 96]LogLinker: Warning: While loading 'D:/Git/Repository_GP_T2/Gestaltningsprojekt-Team-2/UEProject/Content/Maps/NewMap.umap' failed to load '/Game/Maps/NewMap_BuiltData': Can't find file.
[2020.04.09-12.37.22:339][ 96]LogLinker: Warning: While loading 'D:/Git/Repository_GP_T2/Gestaltningsprojekt-Team-2/UEProject/Content/Maps/NewMap.umap' failed to load '/Game/Maps/NewMap_BuiltData': Can't find file.
[2020.04.09-12.37.22:342][ 96]LogLinker: Warning: While loading 'D:/Git/Repository_GP_T2/Gestaltningsprojekt-Team-2/UEProject/Content/Maps/NewMap.umap' failed to load '/Game/Maps/NewMap_BuiltData': Can't find file.
[2020.04.09-12.37.22:342][ 96]LoadErrors: Failed to load /Game/Maps/NewMap_BuiltData.NewMap_BuiltData Referenced by PersistentLevel
[2020.04.09-12.37.22:342][ 96]LogLinker: Warning: While loading 'D:/Git/Repository_GP_T2/Gestaltningsprojekt-Team-2/UEProject/Content/Maps/NewMap.umap' failed to load '/Game/Maps/NewMap_BuiltData': Can't find file.
[2020.04.09-12.37.22:357][ 96]LogAIModule: Creating AISystem for world NewMap
[2020.04.09-12.37.22:359][ 96]LogAssetEditorSubsystem: Opening Asset editor for World /Game/Maps/NewMap.NewMap
[2020.04.09-12.37.22:386][ 96]LogUObjectHash: Compacting FUObjectHashTables data took   1.76ms
[2020.04.09-12.37.24:774][ 96]LogSlate: Window 'Save Content' being destroyed
[2020.04.09-12.37.24:781][ 96]Cmd: MAP LOAD FILE="D:/Git/Repository_GP_T2/Gestaltningsprojekt-Team-2/UEProject/Content/Maps/NewMap.umap" TEMPLATE=0 SHOWPROGRESS=1 FEATURELEVEL=3
[2020.04.09-12.37.24:783][ 96]LightingResults: New page: Lighting Build
[2020.04.09-12.37.24:785][ 96]LoadErrors: New page: Loading map: NewMap.umap
[2020.04.09-12.37.24:786][ 96]LogWorld: UWorld::CleanupWorld for Untitled_1, bSessionEnded=true, bCleanupResources=true
[2020.04.09-12.37.24:786][ 96]LogSlate: InvalidateAllWidgets triggered.  All widgets were invalidated
[2020.04.09-12.37.24:786][ 96]MapCheck: New page: Map Check
[2020.04.09-12.37.24:786][ 96]LightingResults: New page: Lighting Build
[2020.04.09-12.37.24:818][ 96]LogUObjectHash: Compacting FUObjectHashTables data took   1.94ms
[2020.04.09-12.37.24:911][ 96]LogEditorServer: Finished looking for orphan Actors (0.000 secs)
[2020.04.09-12.37.24:942][ 96]LogUObjectHash: Compacting FUObjectHashTables data took   2.06ms
[2020.04.09-12.37.24:957][ 96]Cmd: MAP CHECKDEP NOCLEARLOG
[2020.04.09-12.37.24:957][ 96]MapCheck: Map check complete: 0 Error(s), 0 Warning(s), took 0,117ms to complete.
[2020.04.09-12.37.24:957][ 96]LogFileHelpers: Loading map 'NewMap' took 0.178
[2020.04.09-12.38.01:183][427]LogUObjectHash: Compacting FUObjectHashTables data took   1.85ms
[2020.04.09-12.38.02:750][427]LogSlate: Window 'Delete Assets' being destroyed
[2020.04.09-12.38.02:963][427]LogUObjectHash: Compacting FUObjectHashTables data took   1.95ms
[2020.04.09-12.38.07:987][736]LogFactory: FactoryCreateFile: StaticMesh with FbxFactory (0 0 E:\Modeling_Textures_Maya_Blender\Maya_2018\W0033F\DICE\Generator_L.fbx)
[2020.04.09-12.38.07:999][736]LogFbx: Loading FBX Scene from E:\Modeling_Textures_Maya_Blender\Maya_2018\W0033F\DICE\Generator_L.fbx
[2020.04.09-12.38.08:009][736]LogFbx: FBX Scene Loaded Succesfully
[2020.04.09-12.38.09:502][736]LogSlate: Window 'FBX Import Options' being destroyed
[2020.04.09-12.38.09:536][736]LogMaterial: Display: Missing cached shader map for material lambert1, compiling. 
[2020.04.09-12.38.09:560][736]LogShaderCompilers: Display: Worker (1/5): shaders left to compile 15
[2020.04.09-12.38.09:560][736]LogShaderCompilers: Display: Worker (2/5): shaders left to compile 11
[2020.04.09-12.38.09:560][736]LogShaderCompilers: Display: Worker (3/5): shaders left to compile 7
[2020.04.09-12.38.09:560][736]LogShaderCompilers: Display: Worker (4/5): shaders left to compile 3
[2020.04.09-12.38.09:560][736]LogMaterial: Display: Missing cached shader map for material Window, compiling. 
[2020.04.09-12.38.09:577][736]LogFbx: Display: Triangulating static mesh Exported_Model
[2020.04.09-12.38.09:844][736]LogStaticMesh: Building static mesh Generator_L...
[2020.04.09-12.38.09:920][736]LogStaticMesh: Built static mesh [0.08s] /Game/Assets/Generator_L.Generator_L
[2020.04.09-12.38.09:928][736]LogStaticMesh: Warning: Generator_L has degenerate tangent bases which will result in incorrect shading.  MikkTSpace relies on tangent bases and may result in mesh corruption, consider disabling this option.
[2020.04.09-12.38.09:929][736]LogStaticMesh: Warning: Generator_L has some nearly zero bi-normals which can create some issues. (Tolerance of 1E-4)
[2020.04.09-12.38.09:951][736]FBXImport: Warning: Generator_L has degenerate tangent bases which will result in incorrect shading.  MikkTSpace relies on tangent bases and may result in mesh corruption, consider disabling this option. 
[2020.04.09-12.38.09:951][736]FBXImport: Warning: Generator_L has some nearly zero bi-normals which can create some issues. (Tolerance of 1E-4) 
[2020.04.09-12.38.11:379][828]LogShaderCompilers: Display: Worker (4/5): shaders left to compile 15
[2020.04.09-12.38.11:636][851]LogSlate: Window 'Message Log' being destroyed
[2020.04.09-12.38.11:646][851]LogSlate: Window 'Message Log' being destroyed
[2020.04.09-12.38.12:308][906]LogShaderCompilers: Display: Worker (1/5): shaders left to compile 11
[2020.04.09-12.38.12:591][923]LogShaderCompilers: Display: Worker (2/5): shaders left to compile 8
[2020.04.09-12.38.12:954][945]LogShaderCompilers: Display: Worker (3/5): shaders left to compile 5
[2020.04.09-12.38.13:450][962]LogActorFactory: Actor Factory created Generator_L
[2020.04.09-12.38.13:718][971]LogShaderCompilers: Display: Worker (4/5): shaders left to compile 3
[2020.04.09-12.38.14:152][986]LogShaderCompilers: Display: Worker (3/5): shaders left to compile 2
[2020.04.09-12.38.14:484][ 11]LogActorFactory: Actor Factory created Generator_L
[2020.04.09-12.38.14:524][ 11]LogShaderCompilers: Display: Worker (4/5): shaders left to compile 1
[2020.04.09-12.38.16:358][218]Cmd: TRANSACTION UNDO
[2020.04.09-12.38.16:358][218]LogEditorTransaction: Undo Scale Actors
[2020.04.09-12.38.28:589][543]MapCheck: New page: Map Check
[2020.04.09-12.38.28:604][543]Cmd: MAP REBUILD ALLVISIBLE
[2020.04.09-12.38.28:604][543]LogEditorServer: Rebuildmap Clear paths rebuilt
[2020.04.09-12.38.28:674][543]LogWorld: UWorld::CleanupWorld for NewMap, bSessionEnded=true, bCleanupResources=false
[2020.04.09-12.38.28:714][543]LogUObjectHash: Compacting FUObjectHashTables data took   2.09ms
[2020.04.09-12.38.28:731][543]LogMaterial: Display: Missing cached shader map for material DebugViewMode MaterialTexCoordScale, compiling. 
[2020.04.09-12.38.28:754][543]LogShaderCompilers: Display: Worker (1/5): shaders left to compile 2
[2020.04.09-12.38.28:754][543]LogShaderCompilers: Display: Worker (2/5): shaders left to compile 1
[2020.04.09-12.38.28:754][543]LogMaterial: Display: Missing cached shader map for material DebugViewMode MaterialTexCoordScale, compiling. 
[2020.04.09-12.38.28:784][543]LogShaderCompilers: Display: Worker (3/5): shaders left to compile 2
[2020.04.09-12.38.28:784][543]LogShaderCompilers: Display: Worker (4/5): shaders left to compile 1
[2020.04.09-12.38.28:784][543]LogMaterial: Display: Missing cached shader map for material DebugViewMode MaterialTexCoordScale, compiling. 
[2020.04.09-12.38.28:809][543]LogMaterial: Display: Missing cached shader map for material DebugViewMode MaterialTexCoordScale, compiling. 
[2020.04.09-12.38.28:833][543]LogMaterial: Display: Missing cached shader map for material DebugViewMode MaterialTexCoordScale, compiling. 
[2020.04.09-12.38.29:587][543]LogShaderCompilers: Display: Worker (2/5): shaders left to compile 6
[2020.04.09-12.38.29:587][543]LogShaderCompilers: Display: Worker (4/5): shaders left to compile 5
[2020.04.09-12.38.29:587][543]LogShaderCompilers: Display: Worker (1/5): shaders left to compile 4
[2020.04.09-12.38.29:587][543]LogShaderCompilers: Display: Worker (3/5): shaders left to compile 3
[2020.04.09-12.38.29:587][543]LogShaderCompilers: Display: Worker (2/5): shaders left to compile 2
[2020.04.09-12.38.29:587][543]LogShaderCompilers: Display: Worker (1/5): shaders left to compile 1
[2020.04.09-12.38.29:587][543]TextureStreamingBuild: Display: Compiling optional shaders took 0.872 seconds.
[2020.04.09-12.38.29:592][543]LogLevel: Display: Export Material TexCoord Scales took 0.005 seconds.
[2020.04.09-12.38.29:596][543]TextureStreamingBuild: Display: Build Texture Streaming took 0.004 seconds.
[2020.04.09-12.38.29:623][543]LogUObjectHash: Compacting FUObjectHashTables data took   0.95ms
[2020.04.09-12.38.29:626][543]LightingResults: New page: Lighting Build - 9 apr. 2020 16:38:29
[2020.04.09-12.38.29:711][543]LogSwarmInterface: [OpenConnection] Registering TCP channel ...
[2020.04.09-12.38.29:803][543]LogSwarmInterface: [OpenConnection] Connecting to agent ...
[2020.04.09-12.38.29:826][543]LogSwarmInterface: [TryOpenConnection] Testing the Agent
[2020.04.09-12.38.30:344][543]LogSwarmInterface: [TryOpenConnection] Opening Connection to Agent
[2020.04.09-12.38.30:344][543]LogSwarmInterface: [TryOpenConnection] Local Process ID is 12528
[2020.04.09-12.38.37:323][543]LogStaticLightingSystem: Warning: No importance volume found, so the scene bounding box was used.  You can optimize your scene's quality and lighting build times by adding importance volumes.
[2020.04.09-12.38.37:323][543]LogStaticLightingSystem: Running Lightmass w/ ImmediateImport mode ENABLED
[2020.04.09-12.38.37:323][543]LogStaticLightingSystem: Running Lightmass w/ ImmediateProcess mode ENABLED
[2020.04.09-12.38.37:323][543]LogStaticLightingSystem: Running Lightmass w/ Sorting mode ENABLED
[2020.04.09-12.38.37:323][543]LogStaticLightingSystem: Running Lightmass w/ Mapping paddings ENABLED
[2020.04.09-12.38.37:323][543]LogStaticLightingSystem: Running Lightmass w/ Mapping debug paddings DISABLED
[2020.04.09-12.38.37:597][543]Cmd: MAP CHECK DONTDISPLAYDIALOG
[2020.04.09-12.38.37:597][543]MapCheck: New page: NewMap - 9 apr. 2020 16:38:37
[2020.04.09-12.38.37:598][543]MapCheck: Error: WorldSettings_1 Maps need lighting rebuilt 
[2020.04.09-12.38.37:598][543]MapCheck: Map check complete: 1 Error(s), 0 Warning(s), took 0,526ms to complete.
[2020.04.09-12.38.37:600][543]LogEditorBuildUtils: Build time 0:09
[2020.04.09-12.38.37:835][544]LogMaterial: Display: Missing cached shader map for material FLightmassMaterialRenderer lambert1, compiling. 
[2020.04.09-12.38.37:853][544]LogShaderCompilers: Display: Worker (1/5): shaders left to compile 2
[2020.04.09-12.38.37:853][544]LogShaderCompilers: Display: Worker (2/5): shaders left to compile 1
[2020.04.09-12.38.37:853][544]LogMaterial: Display: Missing cached shader map for material FLightmassMaterialRenderer lambert1, compiling. 
[2020.04.09-12.38.37:924][544]LogShaderCompilers: Display: Worker (3/5): shaders left to compile 2
[2020.04.09-12.38.37:925][544]LogShaderCompilers: Display: Worker (4/5): shaders left to compile 1
[2020.04.09-12.38.37:960][545]LogMaterial: Display: Missing cached shader map for material FLightmassMaterialRenderer Window, compiling. 
[2020.04.09-12.38.37:988][545]LogMaterial: Display: Missing cached shader map for material FLightmassMaterialRenderer Window, compiling. 
[2020.04.09-12.38.39:072][546]LogShaderCompilers: Display: Worker (2/5): shaders left to compile 4
[2020.04.09-12.38.39:072][546]LogShaderCompilers: Display: Worker (4/5): shaders left to compile 2
[2020.04.09-12.38.39:072][546]LogShaderCompilers: Display: Worker (1/5): shaders left to compile 1
[2020.04.09-12.38.39:237][551]LogUObjectHash: Compacting FUObjectHashTables data took   0.71ms
[2020.04.09-12.38.40:560][626]LogSlate: Window 'Message Log' being destroyed
[2020.04.09-12.38.40:571][626]LogSlate: Window 'Message Log' being destroyed
[2020.04.09-12.38.41:755][690]Job is a success!
[2020.04.09-12.38.42:225][691]LogVolumetricLightmapImport: Imported Volumetric Lightmap in 0.018s
[2020.04.09-12.38.42:225][691]LogVolumetricLightmapImport:      Indirection Texture 16x16x16 = 0.0Mb
[2020.04.09-12.38.42:225][691]LogVolumetricLightmapImport:      BrickData (all levels) 0.0Mb
[2020.04.09-12.38.42:225][691]LogVolumetricLightmapImport:      Bricks at depth
[2020.04.09-12.38.42:225][691]LogVolumetricLightmapImport:          0: 10.0% covering 100.0% of volume
[2020.04.09-12.38.42:225][691]LogVolumetricLightmapImport:          1: 10.0% covering 1.6% of volume
[2020.04.09-12.38.42:225][691]LogVolumetricLightmapImport:          2: 80.0% covering 0.2% of volume
[2020.04.09-12.38.42:225][691]LogVolumetricLightmapImport:      Bricks in each level
[2020.04.09-12.38.42:225][691]LogVolumetricLightmapImport:          NewMap 			 10 bricks 	 100.0% (Persistent Level)
[2020.04.09-12.38.42:294][691]LogTexture: Display: Building textures: LQ_Lightmap_0_2 (DXT1, 64X64)
[2020.04.09-12.38.42:294][691]LogTexture: Display: Building textures: HQ_Lightmap0_2 (AutoDXT, 64X64)
[2020.04.09-12.38.42:294][691]LogTexture: Display: Building textures: HQ_Lightmap0_1 (AutoDXT, 256X256)
[2020.04.09-12.38.42:294][691]LogTexture: Display: Building textures: LQ_Lightmap_0_1 (DXT1, 256X256)
[2020.04.09-12.38.42:294][691]LogTexture: Display: Building textures: ShadowMapTexture2D_1 (G8, 32X32)
[2020.04.09-12.38.42:294][691]LogTexture: Display: Building textures: ShadowMapTexture2D_0 (G8, 256X128)
[2020.04.09-12.38.42:294][691]Lightmass on DESKTOP-KPTPBTP: 1.81 sec total, 180 ms importing, 22 ms setup, 124 ms photons, 1.40 sec processing, 0 ms extra exporting [4/4 mappings]. Threads: 9.84 sec total, 824 ms processing.
[2020.04.09-12.38.42:294][691]LogStaticLightingSystem: NewMap_BuiltData storing lightmap data for 4 meshes in 2 LightmapResourceClusters (2.0 Meshes per cluster).
[2020.04.09-12.38.42:312][691]LogMaterial: Display: Material /Game/Assets/lambert1.lambert1 needed to have new flag set bUsedWithStaticLighting !
[2020.04.09-12.38.42:319][691]LogMaterial: Display: Missing cached shader map for material lambert1, compiling. 
[2020.04.09-12.38.42:362][691]LogMaterial: Display: Material /Game/Assets/Window.Window needed to have new flag set bUsedWithStaticLighting !
[2020.04.09-12.38.42:369][691]LogShaderCompilers: Display: Worker (1/5): shaders left to compile 24
[2020.04.09-12.38.42:369][691]LogShaderCompilers: Display: Worker (2/5): shaders left to compile 17
[2020.04.09-12.38.42:369][691]LogShaderCompilers: Display: Worker (3/5): shaders left to compile 10
[2020.04.09-12.38.42:369][691]LogShaderCompilers: Display: Worker (4/5): shaders left to compile 3
[2020.04.09-12.38.42:369][691]LogMaterial: Display: Missing cached shader map for material Window, compiling. 
[2020.04.09-12.38.42:415][691]LogUObjectHash: Compacting FUObjectHashTables data took   1.14ms
[2020.04.09-12.38.42:454][691]LogStaticLightingSystem: Illumination: 12.5 sec (30 ms encoding lightmaps, 10 ms encoding shadowmaps)
[2020.04.09-12.38.42:455][691]LogStaticLightingSystem: Lightmap texture memory:  0.1 MB (0.1 MB streaming, 0.0 MB non-streaming), 4 textures
[2020.04.09-12.38.42:455][691]LogStaticLightingSystem: Shadowmap texture memory: 0.0 MB (0.0 MB streaming, 0.0 MB non-streaming), 2 textures
[2020.04.09-12.38.43:355][691]DumpUnbuiltLightIteractions
[2020.04.09-12.38.43:355][691]Lights with unbuilt interactions: 0
[2020.04.09-12.38.43:355][691]
[2020.04.09-12.38.43:355][691]Primitives with unbuilt interactions: 0
[2020.04.09-12.38.48:597][691]LogShaderCompilers: Display: Worker (4/5): shaders left to compile 24
[2020.04.09-12.38.48:597][691]LogShaderCompilers: Display: Worker (1/5): shaders left to compile 17
[2020.04.09-12.38.48:597][691]LogShaderCompilers: Display: Worker (2/5): shaders left to compile 12
[2020.04.09-12.38.48:597][691]LogShaderCompilers: Display: Worker (3/5): shaders left to compile 8
[2020.04.09-12.38.48:597][691]LogShaderCompilers: Display: Worker (4/5): shaders left to compile 5
[2020.04.09-12.38.48:597][691]LogShaderCompilers: Display: Worker (4/5): shaders left to compile 3
[2020.04.09-12.38.48:597][691]LogShaderCompilers: Display: Worker (3/5): shaders left to compile 2
[2020.04.09-12.38.48:597][691]LogShaderCompilers: Display: Worker (3/5): shaders left to compile 1
[2020.04.09-12.38.48:685][692]Cmd: MAP CHECK NOTIFYRESULTS
[2020.04.09-12.38.48:685][692]MapCheck: New page: NewMap - 9 apr. 2020 16:38:48
[2020.04.09-12.38.48:686][692]MapCheck: Map check complete: 0 Error(s), 0 Warning(s), took 0,387ms to complete.
[2020.04.09-12.38.50:008][847]LogEditorViewport: Clicking on Actor (LMB): BP_Sky_Sphere_C (Sky Sphere)
[2020.04.09-12.38.59:041][874]Cmd: OBJ SAVEPACKAGE PACKAGE="/Game/Maps/NewMap" FILE="D:/Git/Repository_GP_T2/Gestaltningsprojekt-Team-2/UEProject/Content/Maps/NewMap.umap" SILENT=true AUTOSAVING=false KEEPDIRTY=false
[2020.04.09-12.38.59:103][874]LogUObjectHash: Compacting FUObjectHashTables data took   2.46ms
[2020.04.09-12.38.59:231][874]LogSavePackage: Moving 'D:/Git/Repository_GP_T2/Gestaltningsprojekt-Team-2/UEProject/Saved/NewMapEE25340C414871B5A4650A80159B945C.tmp' to 'D:/Git/Repository_GP_T2/Gestaltningsprojekt-Team-2/UEProject/Content/Maps/NewMap.umap'
[2020.04.09-12.38.59:267][874]Cmd: OBJ SAVEPACKAGE PACKAGE="/Game/Maps/NewMap_BuiltData" FILE="D:/Git/Repository_GP_T2/Gestaltningsprojekt-Team-2/UEProject/Content/Maps/NewMap_BuiltData.uasset" SILENT=true
[2020.04.09-12.38.59:295][874]LogSavePackage: Moving 'D:/Git/Repository_GP_T2/Gestaltningsprojekt-Team-2/UEProject/Saved/NewMap_BuiltDataDEAF682F409AF9F31F634C8706D4D338.tmp' to 'D:/Git/Repository_GP_T2/Gestaltningsprojekt-Team-2/UEProject/Content/Maps/NewMap_BuiltData.uasset'
[2020.04.09-12.38.59:312][874]AssetCheck: New page: Asset Save: multiple assets
[2020.04.09-12.38.59:312][874]LogContentValidation: Display: Validating World /Game/Maps/NewMap.NewMap
[2020.04.09-12.38.59:312][874]LogContentValidation: Display: Validating MapBuildDataRegistry /Game/Maps/NewMap_BuiltData.NewMap_BuiltData
